#
# A fatal error has been detected by the Java Runtime Environment:
#
#  SIGBUS (0xa) at pc=0x00000001300014f0, pid=10391, tid=34315
#
# JRE version: OpenJDK Runtime Environment (17.0.1+12) (build 17.0.1+12-39)
# Java VM: OpenJDK 64-Bit Server VM (17.0.1+12-39, mixed mode, sharing, tiered, compressed oops, compressed class ptrs, g1 gc, bsd-aarch64)
# Problematic frame:
# v  ~StubRoutines::SafeFetchN
#
# No core dump will be written. Core dumps have been disabled. To enable core dumping, try "ulimit -c unlimited" before starting Java again
#
# If you would like to submit a bug report, please visit:
#   https://bugreport.java.com/bugreport/crash.jsp
# The crash happened outside the Java Virtual Machine in native code.
# See problematic frame for where to report the bug.
#

---------------  S U M M A R Y ------------

Command Line: -javaagent:/Applications/IntelliJ IDEA CE.app/Contents/lib/idea_rt.jar=55385:/Applications/IntelliJ IDEA CE.app/Contents/bin -Dfile.encoding=UTF-8 --module-path=/Users/stormy/.m2/repository/org/openjfx/javafx-base/17.0.1/javafx-base-17.0.1-mac-aarch64.jar:/Users/stormy/.m2/repository/org/openjfx/javafx-graphics/17.0.1/javafx-graphics-17.0.1-mac-aarch64.jar:/Users/stormy/.m2/repository/org/openjfx/javafx-controls/17.0.1/javafx-controls-17.0.1-mac-aarch64.jar:/Users/stormy/.m2/repository/org/openjfx/javafx-fxml/17.0.1/javafx-fxml-17.0.1-mac-aarch64.jar:/Users/stormy/Desktop/JavaSE/demo/target/classes -Djdk.module.main=com.example.demo com.example.demo/com.example.demo.HelloApplication

Host: "MacBookPro18,3" arm64 1 MHz, 10 cores, 16G, Darwin 21.4.0, macOS 12.3.1 (21E258)
Time: Tue May 17 00:24:21 2022 +04 elapsed time: 1.365976 seconds (0d 0h 0m 1s)

---------------  T H R E A D  ---------------

Current thread (0x000000010f0b3a00):  JavaThread "InvokeLaterDispatcher" daemon [_thread_in_native, id=34315, stack(0x0000000178628000,0x000000017882b000)]

Stack: [0x0000000178628000,0x000000017882b000],  sp=0x000000017882a780,  free space=2057k
Native frames: (J=compiled Java code, j=interpreted, Vv=VM code, C=native code)
v  ~StubRoutines::SafeFetchN
V  [libjvm.dylib+0x7a068c]  _ZN10OopStorage7releaseEPKP7oopDesc+0x20
V  [libjvm.dylib+0x4b98c4]  jni_DeleteGlobalRef+0xd8
C  [libglass.dylib+0xab08]  -[GlassRunnable dealloc]+0x34
C  [Foundation+0x85618]  -[_NSThreadPerformInfo dealloc]+0x30
C  [Foundation+0x5198c]  -[NSObject(NSThreadPerformAdditions) performSelectorOnMainThread:withObject:waitUntilDone:]+0x88
C  0x50670001300098ac
j  com.sun.glass.ui.mac.MacApplication.submitForLaterInvocation(Ljava/lang/Runnable;)V+2 javafx.graphics
j  com.sun.glass.ui.InvokeLaterDispatcher.run()V+82 javafx.graphics
v  ~StubRoutines::call_stub
V  [libjvm.dylib+0x460da8]  _ZN9JavaCalls11call_helperEP9JavaValueRK12methodHandleP17JavaCallArgumentsP10JavaThread+0x38c
V  [libjvm.dylib+0x45fdc4]  _ZN9JavaCalls12call_virtualEP9JavaValueP5KlassP6SymbolS5_P17JavaCallArgumentsP10JavaThread+0x11c
V  [libjvm.dylib+0x45fe90]  _ZN9JavaCalls12call_virtualEP9JavaValue6HandleP5KlassP6SymbolS6_P10JavaThread+0x64
V  [libjvm.dylib+0x514fa4]  _ZL12thread_entryP10JavaThreadS0_+0xc4
V  [libjvm.dylib+0x8ff094]  _ZN10JavaThread17thread_main_innerEv+0x13c
V  [libjvm.dylib+0x8fd7a8]  _ZN6Thread8call_runEv+0x128
V  [libjvm.dylib+0x7a7274]  _ZL19thread_native_entryP6Thread+0x158
C  [libsystem_pthread.dylib+0x726c]  _pthread_start+0x94

Java frames: (J=compiled Java code, j=interpreted, Vv=VM code)
j  com.sun.glass.ui.mac.MacApplication._submitForLaterInvocation(Ljava/lang/Runnable;)V+0 javafx.graphics
j  com.sun.glass.ui.mac.MacApplication.submitForLaterInvocation(Ljava/lang/Runnable;)V+2 javafx.graphics
j  com.sun.glass.ui.InvokeLaterDispatcher.run()V+82 javafx.graphics
v  ~StubRoutines::call_stub

siginfo: si_signo: 10 (SIGBUS), si_code: 1 (BUS_ADRALN), si_addr: 0x00000001300014f0

Register to memory mapping:

 x0=0x000000010e605948 is a global jni handle
 x1=0x0 is NULL
 x2=0x000000070e34bec8 is an oop: com.sun.glass.ui.InvokeLaterDispatcher$Future 
{0x000000070e34bec8} - klass: 'com/sun/glass/ui/InvokeLaterDispatcher$Future'
 - ---- fields (total size 3 words):
 - private 'done' 'Z' @12  true
 - private final 'runnable' 'Ljava/lang/Runnable;' @16  a 'com/sun/javafx/tk/quantum/QuantumToolkit$$Lambda$85+0x0000000800c397a0'{0x000000070e8014b0} (e1d00296)
 - final synthetic 'this$0' 'Lcom/sun/glass/ui/InvokeLaterDispatcher;' @20  a 'com/sun/glass/ui/InvokeLaterDispatcher'{0x000000070e8181b8} (e1d03037)
 x3=0x0 is NULL
 x4=0x00000000000130a8 is an unknown value
 x5=0x0 is NULL
 x6=0x0 is NULL
 x7=0x0 is NULL
 x8=0x00000001300014ec is at begin+0 in a stub
StubRoutines::SafeFetchN [0x00000001300014ec, 0x00000001300014f8] (12 bytes)
 x9=0x0 is NULL
x10=0x2010000030300000 is an unknown value
x11=0x0000000000000007 is an unknown value
x12=0x0000000000000004 is an unknown value
x13=0x000060000120a610 points into unknown readable memory: 0xa7100001b4013c40 | 40 3c 01 b4 01 00 10 a7
x14=0x0000060000000000 is an unknown value
x15=0x000000010e379f98: OBJC_CLASS_$_GlassRunnable+0 in /Users/stormy/.openjfx/cache/17.0.1/libglass.dylib at 0x000000010e334000
x16=0x00000001b417d0fc: pthread_getspecific+0 in /usr/lib/system/libsystem_pthread.dylib at 0x00000001b417b000
x17=0x0000600001802520 points into unknown readable memory: 0xfffffffffffffffe | fe ff ff ff ff ff ff ff
x18=0x0 is NULL
x19=0x0000600001708150 points into unknown readable memory: 0x0000600003e14330 | 30 43 e1 03 00 60 00 00
x20=0x000000010e605740 points into unknown readable memory: 0x00000007ffd07ba8 | a8 7b d0 ff 07 00 00 00
x21=0x000000010e605948 is a global jni handle
x22=0x000000010f0b3a00 is a thread
x23=0x0000000000000001 is an unknown value
x24=0x000000010e605900 is a global jni handle
x25=0x00000001043c55d8: _ZN12StubRoutines17_safefetchN_entryE+0 in /Users/stormy/Library/Java/JavaVirtualMachines/openjdk-17.0.1/Contents/Home/lib/server/libjvm.dylib at 0x000000010381c000
x26=0x000000010fd18270 is pointing into metadata
x27=0x0 is NULL
x28=0x000000010f0b3a00 is a thread


Registers:
 x0=0x000000010e605948  x1=0x0000000000000000  x2=0x000000070e34bec8  x3=0x0000000000000000
 x4=0x00000000000130a8  x5=0x0000000000000000  x6=0x0000000000000000  x7=0x0000000000000000
 x8=0x00000001300014ec  x9=0x0000000000000000 x10=0x2010000030300000 x11=0x0000000000000007
x12=0x0000000000000004 x13=0x000060000120a610 x14=0x0000060000000000 x15=0x000000010e379f98
x16=0x00000001b417d0fc x17=0x0000600001802520 x18=0x0000000000000000 x19=0x0000600001708150
x20=0x000000010e605740 x21=0x000000010e605948 x22=0x000000010f0b3a00 x23=0x0000000000000001
x24=0x000000010e605900 x25=0x00000001043c55d8 x26=0x000000010fd18270 x27=0x0000000000000000
x28=0x000000010f0b3a00  fp=0x000000017882a7c0  lr=0x0000000103fbb45c  sp=0x000000017882a780
pc=0x00000001300014f0 cpsr=0x0000000060001000
Top of Stack: (sp=0x000000017882a780)
0x000000017882a780:   000000010fd18270 0000000000000001
0x000000017882a790:   000000017882a988 0000000000000000
0x000000017882a7a0:   000000010f0f54a8 000000010e605930
0x000000017882a7b0:   000000010e605930 0000600001708150
0x000000017882a7c0:   000000017882a800 0000000103fbc68c
0x000000017882a7d0:   0000000000000001 000000010e605930
0x000000017882a7e0:   000000010f0f54a8 000000010e605930
0x000000017882a7f0:   0000000000000001 000000010f0f5200
0x000000017882a800:   000000017882a840 0000000103cd58c4
0x000000017882a810:   000000017882a988 0000600003e30130
0x000000017882a820:   0000600003e30150 00000001fe242be0
0x000000017882a830:   0000000000000000 0000600003e30150
0x000000017882a840:   000000017882a870 000000010e33eb08
0x000000017882a850:   2ef314953696002f 0000000000000000
0x000000017882a860:   0000000000000000 0000600002958240
0x000000017882a870:   000000017882a8b0 00000001b514a618
0x000000017882a880:   000000017882a988 0000600003e30130
0x000000017882a890:   0000600003e30150 2ef314953696002f
0x000000017882a8a0:   0000000000000000 0000000000000000
0x000000017882a8b0:   000000017882a8f0 b7158001b511698c
0x000000017882a8c0:   000000017882a988 00000001300087c0
0x000000017882a8d0:   0000000000000000 00000001043ccf90
0x000000017882a8e0:   000000017882a900 0000000130007730
0x000000017882a8f0:   000000017882a960 50670001300098ac
0x000000017882a900:   000000017882a900 0000000800988975
0x000000017882a910:   000000017882a910 0000000000000000
0x000000017882a920:   000000017882a988 000000010fd18270
0x000000017882a930:   000000070e800b88 0000000000000000
0x000000017882a940:   0000000000000000 000000010fcf7860
0x000000017882a950:   0000000000000000 000000017882a960
0x000000017882a960:   000000017882a9e0 0000000130005fc8
0x000000017882a970:   0000000000000000 0000000000000000 

Instructions: (pc=0x00000001300014f0)
0x00000001300013f0:   f2a08729 f2c00029 6d425935 1e640886
0x0000000130001400:   0c402d31 1e6408c7 1f5654d0 1e6c1017
0x0000000130001410:   1f5050d0 1f504cd0 1f5048d0 1e650af6
0x0000000130001420:   1f50d8f6 1f5694d6 1f5158f6 1e762880
0x0000000130001430:   36000501 1e614000 14000026 2e251ca5
0x0000000130001440:   d2843009 f2a08729 f2c00029 6d425d36
0x0000000130001450:   1e600806 0c402d32 1f5758c7 1e6c101a
0x0000000130001460:   1f4754c7 1e650805 1f4750c7 d2866668
0x0000000130001470:   f2a7fa68 1f474cc7 1e6608c0 1f4748c7
0x0000000130001480:   1e6e1019 eb08007f 540000ac 1f479400
0x0000000130001490:   1f460340 1e603b20 1400000e d2a7fd29
0x00000001300014a0:   eb09007f 540000ac 51480069 d3607d29
0x00000001300014b0:   9e670121 14000002 1e6a5001 1f679417
0x00000001300014c0:   1f668742 1e613b23 1e773857 1e773860
0x00000001300014d0:   a8c17ff3 910003bf a8c17bfd d65f03c0
0x00000001300014e0:   b9400001 aa0103e0 d65f03c0 f9400001
0x00000001300014f0:   aa0103e0 d65f03c0 00000000 00000000
0x0000000130001500:   00000000 00000000 00000000 00000000
0x0000000130001510:   00000000 00000000 00000000 00000000
0x0000000130001520:   00000000 00000000 00000000 00000000
0x0000000130001530:   00000000 00000000 00000000 00000000
0x0000000130001540:   00000000 00000000 00000000 00000000
0x0000000130001550:   00000000 00000000 00000000 00000000
0x0000000130001560:   00000000 00000000 00000000 00000000
0x0000000130001570:   00000000 00000000 00000000 00000000
0x0000000130001580:   00000000 00000000 00000000 00000000
0x0000000130001590:   00000000 00000000 00000000 00000000
0x00000001300015a0:   00000000 00000000 00000000 00000000
0x00000001300015b0:   00000000 00000000 00000000 00000000
0x00000001300015c0:   00000000 00000000 00000000 00000000
0x00000001300015d0:   00000000 00000000 00000000 00000000
0x00000001300015e0:   00000000 00000000 00000000 00000000 


Stack slot to memory mapping:
stack at sp + 0 slots: 0x000000010fd18270 is pointing into metadata
stack at sp + 1 slots: 0x0000000000000001 is an unknown value
stack at sp + 2 slots: 0x000000017882a988 is pointing into the stack for thread: 0x000000010f0b3a00
stack at sp + 3 slots: 0x0 is NULL
stack at sp + 4 slots: 0x000000010f0f54a8 points into unknown readable memory: 0x0000000104382728 | 28 27 38 04 01 00 00 00
stack at sp + 5 slots: 0x000000010e605930 is a global jni handle
stack at sp + 6 slots: 0x000000010e605930 is a global jni handle
stack at sp + 7 slots: 0x0000600001708150 points into unknown readable memory: 0x0000600003e14330 | 30 43 e1 03 00 60 00 00

StubRoutines::SafeFetchN [0x00000001300014ec, 0x00000001300014f8] (12 bytes)
[MachCode]
  0x00000001300014ec: 0100 40f9 | e003 01aa | c003 5fd6 
[/MachCode]

---------------  P R O C E S S  ---------------

Threads class SMR info:
_java_thread_list=0x0000600003cccd60, length=20, elements={
0x000000010c008a00, 0x000000011f82f800, 0x000000010e812000, 0x000000010e814800,
0x000000010e818000, 0x000000010e818600, 0x000000010e818c00, 0x000000010e819200,
0x0000000126812400, 0x0000000103008600, 0x000000010f0adc00, 0x000000010c042200,
0x000000010c0d5a00, 0x000000010f0b3a00, 0x000000010f0f5200, 0x000000010c0fea00,
0x000000011f82fe00, 0x000000010f282a00, 0x000000011f828a00, 0x000000010c4c4600
}

Java Threads: ( => current thread )
  0x000000010c008a00 JavaThread "main" [_thread_blocked, id=5891, stack(0x000000016d7c8000,0x000000016d9cb000)]
  0x000000011f82f800 JavaThread "Reference Handler" daemon [_thread_blocked, id=16387, stack(0x000000016e61c000,0x000000016e81f000)]
  0x000000010e812000 JavaThread "Finalizer" daemon [_thread_blocked, id=16899, stack(0x000000016e828000,0x000000016ea2b000)]
  0x000000010e814800 JavaThread "Signal Dispatcher" daemon [_thread_blocked, id=42499, stack(0x000000016eb4c000,0x000000016ed4f000)]
  0x000000010e818000 JavaThread "Service Thread" daemon [_thread_blocked, id=41987, stack(0x000000016ed58000,0x000000016ef5b000)]
  0x000000010e818600 JavaThread "Monitor Deflation Thread" daemon [_thread_blocked, id=41475, stack(0x000000016ef64000,0x000000016f167000)]
  0x000000010e818c00 JavaThread "C2 CompilerThread0" daemon [_thread_blocked, id=23043, stack(0x000000016f170000,0x000000016f373000)]
  0x000000010e819200 JavaThread "C1 CompilerThread0" daemon [_thread_blocked, id=40707, stack(0x000000016f37c000,0x000000016f57f000)]
  0x0000000126812400 JavaThread "Sweeper thread" daemon [_thread_blocked, id=23555, stack(0x000000016f588000,0x000000016f78b000)]
  0x0000000103008600 JavaThread "Common-Cleaner" daemon [_thread_blocked, id=40451, stack(0x000000016f794000,0x000000016f997000)]
  0x000000010f0adc00 JavaThread "Monitor Ctrl-Break" daemon [_thread_in_native, id=39427, stack(0x000000016fdb8000,0x000000016ffbb000)]
  0x000000010c042200 JavaThread "Notification Thread" daemon [_thread_blocked, id=38915, stack(0x0000000178004000,0x0000000178207000)]
  0x000000010c0d5a00 JavaThread "QuantumRenderer-0" daemon [_thread_blocked, id=25091, stack(0x000000017841c000,0x000000017861f000)]
=>0x000000010f0b3a00 JavaThread "InvokeLaterDispatcher" daemon [_thread_in_native, id=34315, stack(0x0000000178628000,0x000000017882b000)]
  0x000000010f0f5200 JavaThread "JavaFX Application Thread" [_thread_in_vm, id=259, stack(0x000000016cf40000,0x000000016d73c000)]
  0x000000010c0fea00 JavaThread "PulseTimer-CVDisplayLink thread" daemon [_thread_in_native, id=54019, stack(0x0000000178834000,0x00000001788b7000)]
  0x000000011f82fe00 JavaThread "JavaFX-Launcher" [_thread_blocked, id=54535, stack(0x0000000179804000,0x0000000179a07000)]
  0x000000010f282a00 JavaThread "Prism Font Disposer" daemon [_thread_blocked, id=71691, stack(0x000000017f864000,0x000000017fa67000)]
  0x000000011f828a00 JavaThread "Cleaner-0" daemon [_thread_blocked, id=67087, stack(0x00000002911a0000,0x00000002913a3000)]
  0x000000010c4c4600 JavaThread "Attach Listener" daemon [_thread_blocked, id=59155, stack(0x0000000292948000,0x0000000292b4b000)]

Other Threads:
  0x00000001200080b0 VMThread "VM Thread" [stack: 0x000000016e410000,0x000000016e613000] [id=18179]
  0x0000000102d09200 WatcherThread [stack: 0x0000000178210000,0x0000000178413000] [id=24579]
  0x0000000102d06af0 GCTaskThread "GC Thread#0" [stack: 0x000000016d9d4000,0x000000016dbd7000] [id=13315]
  0x0000000102d16b20 GCTaskThread "GC Thread#1" [stack: 0x0000000179a10000,0x0000000179c13000] [id=76547]
  0x0000000102d16dd0 GCTaskThread "GC Thread#2" [stack: 0x0000000179c1c000,0x0000000179e1f000] [id=76035]
  0x0000000102d17250 GCTaskThread "GC Thread#3" [stack: 0x0000000179e28000,0x000000017a02b000] [id=75523]
  0x0000000102d176d0 GCTaskThread "GC Thread#4" [stack: 0x000000017a034000,0x000000017a237000] [id=75011]
  0x0000000102d17b50 GCTaskThread "GC Thread#5" [stack: 0x000000017a240000,0x000000017a443000] [id=74499]
  0x0000000102d071a0 ConcurrentGCThread "G1 Main Marker" [stack: 0x000000016dbe0000,0x000000016dde3000] [id=13827]
  0x0000000102c04190 ConcurrentGCThread "G1 Conc#0" [stack: 0x000000016ddec000,0x000000016dfef000] [id=20483]
  0x000000011e605560 ConcurrentGCThread "G1 Refine#0" [stack: 0x000000016dff8000,0x000000016e1fb000] [id=14851]
  0x000000011e605e00 ConcurrentGCThread "G1 Service" [stack: 0x000000016e204000,0x000000016e407000] [id=15107]

Threads with active compile tasks:

VM state: not at safepoint (normal execution)

VM Mutex/Monitor currently owned by a thread: None

Heap address: 0x0000000700000000, size: 4096 MB, Compressed Oops mode: Zero based, Oop shift amount: 3

CDS archive(s) mapped at: [0x0000000800000000-0x0000000800bd4000-0x0000000800bd4000), size 12402688, SharedBaseAddress: 0x0000000800000000, ArchiveRelocationMode: 0.
Compressed class space mapped at: 0x0000000800c00000-0x0000000840c00000, reserved size: 1073741824
Narrow klass base: 0x0000000800000000, Narrow klass shift: 0, Narrow klass range: 0x100000000

GC Precious Log:
 CPUs: 10 total, 10 available
 Memory: 16384M
 Large Page Support: Disabled
 NUMA Support: Disabled
 Compressed Oops: Enabled (Zero based)
 Heap Region Size: 2M
 Heap Min Capacity: 8M
 Heap Initial Capacity: 256M
 Heap Max Capacity: 4G
 Pre-touch: Disabled
 Parallel Workers: 9
 Concurrent Workers: 2
 Concurrent Refinement Workers: 9
 Periodic GC: Disabled

Heap:
 garbage-first heap   total 266240K, used 38064K [0x0000000700000000, 0x0000000800000000)
  region size 2048K, 18 young (36864K), 2 survivors (4096K)
 Metaspace       used 14194K, committed 14336K, reserved 1064960K
  class space    used 2116K, committed 2176K, reserved 1048576K

Heap Regions: E=young(eden), S=young(survivor), O=old, HS=humongous(starts), HC=humongous(continues), CS=collection set, F=free, OA=open archive, CA=closed archive, TAMS=top-at-mark-start (previous, next)
|   0|0x0000000700000000, 0x0000000700200000, 0x0000000700200000|100%|HS|  |TAMS 0x0000000700000000, 0x0000000700000000| Complete 
|   1|0x0000000700200000, 0x0000000700200000, 0x0000000700400000|  0%| F|  |TAMS 0x0000000700200000, 0x0000000700200000| Untracked 
|   2|0x0000000700400000, 0x0000000700400000, 0x0000000700600000|  0%| F|  |TAMS 0x0000000700400000, 0x0000000700400000| Untracked 
|   3|0x0000000700600000, 0x0000000700600000, 0x0000000700800000|  0%| F|  |TAMS 0x0000000700600000, 0x0000000700600000| Untracked 
|   4|0x0000000700800000, 0x0000000700800000, 0x0000000700a00000|  0%| F|  |TAMS 0x0000000700800000, 0x0000000700800000| Untracked 
|   5|0x0000000700a00000, 0x0000000700a00000, 0x0000000700c00000|  0%| F|  |TAMS 0x0000000700a00000, 0x0000000700a00000| Untracked 
|   6|0x0000000700c00000, 0x0000000700c00000, 0x0000000700e00000|  0%| F|  |TAMS 0x0000000700c00000, 0x0000000700c00000| Untracked 
|   7|0x0000000700e00000, 0x0000000700e00000, 0x0000000701000000|  0%| F|  |TAMS 0x0000000700e00000, 0x0000000700e00000| Untracked 
|   8|0x0000000701000000, 0x0000000701000000, 0x0000000701200000|  0%| F|  |TAMS 0x0000000701000000, 0x0000000701000000| Untracked 
|   9|0x0000000701200000, 0x0000000701200000, 0x0000000701400000|  0%| F|  |TAMS 0x0000000701200000, 0x0000000701200000| Untracked 
|  10|0x0000000701400000, 0x0000000701400000, 0x0000000701600000|  0%| F|  |TAMS 0x0000000701400000, 0x0000000701400000| Untracked 
|  11|0x0000000701600000, 0x0000000701600000, 0x0000000701800000|  0%| F|  |TAMS 0x0000000701600000, 0x0000000701600000| Untracked 
|  12|0x0000000701800000, 0x0000000701800000, 0x0000000701a00000|  0%| F|  |TAMS 0x0000000701800000, 0x0000000701800000| Untracked 
|  13|0x0000000701a00000, 0x0000000701a00000, 0x0000000701c00000|  0%| F|  |TAMS 0x0000000701a00000, 0x0000000701a00000| Untracked 
|  14|0x0000000701c00000, 0x0000000701c00000, 0x0000000701e00000|  0%| F|  |TAMS 0x0000000701c00000, 0x0000000701c00000| Untracked 
|  15|0x0000000701e00000, 0x0000000701e00000, 0x0000000702000000|  0%| F|  |TAMS 0x0000000701e00000, 0x0000000701e00000| Untracked 
|  16|0x0000000702000000, 0x0000000702000000, 0x0000000702200000|  0%| F|  |TAMS 0x0000000702000000, 0x0000000702000000| Untracked 
|  17|0x0000000702200000, 0x0000000702200000, 0x0000000702400000|  0%| F|  |TAMS 0x0000000702200000, 0x0000000702200000| Untracked 
|  18|0x0000000702400000, 0x0000000702400000, 0x0000000702600000|  0%| F|  |TAMS 0x0000000702400000, 0x0000000702400000| Untracked 
|  19|0x0000000702600000, 0x0000000702600000, 0x0000000702800000|  0%| F|  |TAMS 0x0000000702600000, 0x0000000702600000| Untracked 
|  20|0x0000000702800000, 0x0000000702800000, 0x0000000702a00000|  0%| F|  |TAMS 0x0000000702800000, 0x0000000702800000| Untracked 
|  21|0x0000000702a00000, 0x0000000702a00000, 0x0000000702c00000|  0%| F|  |TAMS 0x0000000702a00000, 0x0000000702a00000| Untracked 
|  22|0x0000000702c00000, 0x0000000702c00000, 0x0000000702e00000|  0%| F|  |TAMS 0x0000000702c00000, 0x0000000702c00000| Untracked 
|  23|0x0000000702e00000, 0x0000000702e00000, 0x0000000703000000|  0%| F|  |TAMS 0x0000000702e00000, 0x0000000702e00000| Untracked 
|  24|0x0000000703000000, 0x0000000703000000, 0x0000000703200000|  0%| F|  |TAMS 0x0000000703000000, 0x0000000703000000| Untracked 
|  25|0x0000000703200000, 0x0000000703200000, 0x0000000703400000|  0%| F|  |TAMS 0x0000000703200000, 0x0000000703200000| Untracked 
|  26|0x0000000703400000, 0x0000000703400000, 0x0000000703600000|  0%| F|  |TAMS 0x0000000703400000, 0x0000000703400000| Untracked 
|  27|0x0000000703600000, 0x0000000703600000, 0x0000000703800000|  0%| F|  |TAMS 0x0000000703600000, 0x0000000703600000| Untracked 
|  28|0x0000000703800000, 0x0000000703800000, 0x0000000703a00000|  0%| F|  |TAMS 0x0000000703800000, 0x0000000703800000| Untracked 
|  29|0x0000000703a00000, 0x0000000703a00000, 0x0000000703c00000|  0%| F|  |TAMS 0x0000000703a00000, 0x0000000703a00000| Untracked 
|  30|0x0000000703c00000, 0x0000000703c00000, 0x0000000703e00000|  0%| F|  |TAMS 0x0000000703c00000, 0x0000000703c00000| Untracked 
|  31|0x0000000703e00000, 0x0000000703e00000, 0x0000000704000000|  0%| F|  |TAMS 0x0000000703e00000, 0x0000000703e00000| Untracked 
|  32|0x0000000704000000, 0x0000000704000000, 0x0000000704200000|  0%| F|  |TAMS 0x0000000704000000, 0x0000000704000000| Untracked 
|  33|0x0000000704200000, 0x0000000704200000, 0x0000000704400000|  0%| F|  |TAMS 0x0000000704200000, 0x0000000704200000| Untracked 
|  34|0x0000000704400000, 0x0000000704400000, 0x0000000704600000|  0%| F|  |TAMS 0x0000000704400000, 0x0000000704400000| Untracked 
|  35|0x0000000704600000, 0x0000000704600000, 0x0000000704800000|  0%| F|  |TAMS 0x0000000704600000, 0x0000000704600000| Untracked 
|  36|0x0000000704800000, 0x0000000704800000, 0x0000000704a00000|  0%| F|  |TAMS 0x0000000704800000, 0x0000000704800000| Untracked 
|  37|0x0000000704a00000, 0x0000000704a00000, 0x0000000704c00000|  0%| F|  |TAMS 0x0000000704a00000, 0x0000000704a00000| Untracked 
|  38|0x0000000704c00000, 0x0000000704c00000, 0x0000000704e00000|  0%| F|  |TAMS 0x0000000704c00000, 0x0000000704c00000| Untracked 
|  39|0x0000000704e00000, 0x0000000704e00000, 0x0000000705000000|  0%| F|  |TAMS 0x0000000704e00000, 0x0000000704e00000| Untracked 
|  40|0x0000000705000000, 0x0000000705000000, 0x0000000705200000|  0%| F|  |TAMS 0x0000000705000000, 0x0000000705000000| Untracked 
|  41|0x0000000705200000, 0x0000000705200000, 0x0000000705400000|  0%| F|  |TAMS 0x0000000705200000, 0x0000000705200000| Untracked 
|  42|0x0000000705400000, 0x0000000705400000, 0x0000000705600000|  0%| F|  |TAMS 0x0000000705400000, 0x0000000705400000| Untracked 
|  43|0x0000000705600000, 0x0000000705600000, 0x0000000705800000|  0%| F|  |TAMS 0x0000000705600000, 0x0000000705600000| Untracked 
|  44|0x0000000705800000, 0x0000000705800000, 0x0000000705a00000|  0%| F|  |TAMS 0x0000000705800000, 0x0000000705800000| Untracked 
|  45|0x0000000705a00000, 0x0000000705a00000, 0x0000000705c00000|  0%| F|  |TAMS 0x0000000705a00000, 0x0000000705a00000| Untracked 
|  46|0x0000000705c00000, 0x0000000705c00000, 0x0000000705e00000|  0%| F|  |TAMS 0x0000000705c00000, 0x0000000705c00000| Untracked 
|  47|0x0000000705e00000, 0x0000000705e00000, 0x0000000706000000|  0%| F|  |TAMS 0x0000000705e00000, 0x0000000705e00000| Untracked 
|  48|0x0000000706000000, 0x0000000706000000, 0x0000000706200000|  0%| F|  |TAMS 0x0000000706000000, 0x0000000706000000| Untracked 
|  49|0x0000000706200000, 0x0000000706200000, 0x0000000706400000|  0%| F|  |TAMS 0x0000000706200000, 0x0000000706200000| Untracked 
|  50|0x0000000706400000, 0x0000000706400000, 0x0000000706600000|  0%| F|  |TAMS 0x0000000706400000, 0x0000000706400000| Untracked 
|  51|0x0000000706600000, 0x0000000706600000, 0x0000000706800000|  0%| F|  |TAMS 0x0000000706600000, 0x0000000706600000| Untracked 
|  52|0x0000000706800000, 0x0000000706800000, 0x0000000706a00000|  0%| F|  |TAMS 0x0000000706800000, 0x0000000706800000| Untracked 
|  53|0x0000000706a00000, 0x0000000706a00000, 0x0000000706c00000|  0%| F|  |TAMS 0x0000000706a00000, 0x0000000706a00000| Untracked 
|  54|0x0000000706c00000, 0x0000000706c00000, 0x0000000706e00000|  0%| F|  |TAMS 0x0000000706c00000, 0x0000000706c00000| Untracked 
|  55|0x0000000706e00000, 0x0000000706e00000, 0x0000000707000000|  0%| F|  |TAMS 0x0000000706e00000, 0x0000000706e00000| Untracked 
|  56|0x0000000707000000, 0x0000000707000000, 0x0000000707200000|  0%| F|  |TAMS 0x0000000707000000, 0x0000000707000000| Untracked 
|  57|0x0000000707200000, 0x0000000707200000, 0x0000000707400000|  0%| F|  |TAMS 0x0000000707200000, 0x0000000707200000| Untracked 
|  58|0x0000000707400000, 0x0000000707400000, 0x0000000707600000|  0%| F|  |TAMS 0x0000000707400000, 0x0000000707400000| Untracked 
|  59|0x0000000707600000, 0x0000000707600000, 0x0000000707800000|  0%| F|  |TAMS 0x0000000707600000, 0x0000000707600000| Untracked 
|  60|0x0000000707800000, 0x0000000707800000, 0x0000000707a00000|  0%| F|  |TAMS 0x0000000707800000, 0x0000000707800000| Untracked 
|  61|0x0000000707a00000, 0x0000000707a00000, 0x0000000707c00000|  0%| F|  |TAMS 0x0000000707a00000, 0x0000000707a00000| Untracked 
|  62|0x0000000707c00000, 0x0000000707c00000, 0x0000000707e00000|  0%| F|  |TAMS 0x0000000707c00000, 0x0000000707c00000| Untracked 
|  63|0x0000000707e00000, 0x0000000707e00000, 0x0000000708000000|  0%| F|  |TAMS 0x0000000707e00000, 0x0000000707e00000| Untracked 
|  64|0x0000000708000000, 0x0000000708000000, 0x0000000708200000|  0%| F|  |TAMS 0x0000000708000000, 0x0000000708000000| Untracked 
|  65|0x0000000708200000, 0x0000000708200000, 0x0000000708400000|  0%| F|  |TAMS 0x0000000708200000, 0x0000000708200000| Untracked 
|  66|0x0000000708400000, 0x0000000708400000, 0x0000000708600000|  0%| F|  |TAMS 0x0000000708400000, 0x0000000708400000| Untracked 
|  67|0x0000000708600000, 0x0000000708600000, 0x0000000708800000|  0%| F|  |TAMS 0x0000000708600000, 0x0000000708600000| Untracked 
|  68|0x0000000708800000, 0x0000000708800000, 0x0000000708a00000|  0%| F|  |TAMS 0x0000000708800000, 0x0000000708800000| Untracked 
|  69|0x0000000708a00000, 0x0000000708a00000, 0x0000000708c00000|  0%| F|  |TAMS 0x0000000708a00000, 0x0000000708a00000| Untracked 
|  70|0x0000000708c00000, 0x0000000708c00000, 0x0000000708e00000|  0%| F|  |TAMS 0x0000000708c00000, 0x0000000708c00000| Untracked 
|  71|0x0000000708e00000, 0x0000000708e00000, 0x0000000709000000|  0%| F|  |TAMS 0x0000000708e00000, 0x0000000708e00000| Untracked 
|  72|0x0000000709000000, 0x0000000709000000, 0x0000000709200000|  0%| F|  |TAMS 0x0000000709000000, 0x0000000709000000| Untracked 
|  73|0x0000000709200000, 0x0000000709200000, 0x0000000709400000|  0%| F|  |TAMS 0x0000000709200000, 0x0000000709200000| Untracked 
|  74|0x0000000709400000, 0x0000000709400000, 0x0000000709600000|  0%| F|  |TAMS 0x0000000709400000, 0x0000000709400000| Untracked 
|  75|0x0000000709600000, 0x0000000709600000, 0x0000000709800000|  0%| F|  |TAMS 0x0000000709600000, 0x0000000709600000| Untracked 
|  76|0x0000000709800000, 0x0000000709800000, 0x0000000709a00000|  0%| F|  |TAMS 0x0000000709800000, 0x0000000709800000| Untracked 
|  77|0x0000000709a00000, 0x0000000709a00000, 0x0000000709c00000|  0%| F|  |TAMS 0x0000000709a00000, 0x0000000709a00000| Untracked 
|  78|0x0000000709c00000, 0x0000000709c00000, 0x0000000709e00000|  0%| F|  |TAMS 0x0000000709c00000, 0x0000000709c00000| Untracked 
|  79|0x0000000709e00000, 0x0000000709e00000, 0x000000070a000000|  0%| F|  |TAMS 0x0000000709e00000, 0x0000000709e00000| Untracked 
|  80|0x000000070a000000, 0x000000070a000000, 0x000000070a200000|  0%| F|  |TAMS 0x000000070a000000, 0x000000070a000000| Untracked 
|  81|0x000000070a200000, 0x000000070a200000, 0x000000070a400000|  0%| F|  |TAMS 0x000000070a200000, 0x000000070a200000| Untracked 
|  82|0x000000070a400000, 0x000000070a400000, 0x000000070a600000|  0%| F|  |TAMS 0x000000070a400000, 0x000000070a400000| Untracked 
|  83|0x000000070a600000, 0x000000070a600000, 0x000000070a800000|  0%| F|  |TAMS 0x000000070a600000, 0x000000070a600000| Untracked 
|  84|0x000000070a800000, 0x000000070a800000, 0x000000070aa00000|  0%| F|  |TAMS 0x000000070a800000, 0x000000070a800000| Untracked 
|  85|0x000000070aa00000, 0x000000070aa00000, 0x000000070ac00000|  0%| F|  |TAMS 0x000000070aa00000, 0x000000070aa00000| Untracked 
|  86|0x000000070ac00000, 0x000000070ac00000, 0x000000070ae00000|  0%| F|  |TAMS 0x000000070ac00000, 0x000000070ac00000| Untracked 
|  87|0x000000070ae00000, 0x000000070ae00000, 0x000000070b000000|  0%| F|  |TAMS 0x000000070ae00000, 0x000000070ae00000| Untracked 
|  88|0x000000070b000000, 0x000000070b000000, 0x000000070b200000|  0%| F|  |TAMS 0x000000070b000000, 0x000000070b000000| Untracked 
|  89|0x000000070b200000, 0x000000070b200000, 0x000000070b400000|  0%| F|  |TAMS 0x000000070b200000, 0x000000070b200000| Untracked 
|  90|0x000000070b400000, 0x000000070b400000, 0x000000070b600000|  0%| F|  |TAMS 0x000000070b400000, 0x000000070b400000| Untracked 
|  91|0x000000070b600000, 0x000000070b600000, 0x000000070b800000|  0%| F|  |TAMS 0x000000070b600000, 0x000000070b600000| Untracked 
|  92|0x000000070b800000, 0x000000070b800000, 0x000000070ba00000|  0%| F|  |TAMS 0x000000070b800000, 0x000000070b800000| Untracked 
|  93|0x000000070ba00000, 0x000000070ba00000, 0x000000070bc00000|  0%| F|  |TAMS 0x000000070ba00000, 0x000000070ba00000| Untracked 
|  94|0x000000070bc00000, 0x000000070bc00000, 0x000000070be00000|  0%| F|  |TAMS 0x000000070bc00000, 0x000000070bc00000| Untracked 
|  95|0x000000070be00000, 0x000000070be00000, 0x000000070c000000|  0%| F|  |TAMS 0x000000070be00000, 0x000000070be00000| Untracked 
|  96|0x000000070c000000, 0x000000070c000000, 0x000000070c200000|  0%| F|  |TAMS 0x000000070c000000, 0x000000070c000000| Untracked 
|  97|0x000000070c200000, 0x000000070c200000, 0x000000070c400000|  0%| F|  |TAMS 0x000000070c200000, 0x000000070c200000| Untracked 
|  98|0x000000070c400000, 0x000000070c400000, 0x000000070c600000|  0%| F|  |TAMS 0x000000070c400000, 0x000000070c400000| Untracked 
|  99|0x000000070c600000, 0x000000070c600000, 0x000000070c800000|  0%| F|  |TAMS 0x000000070c600000, 0x000000070c600000| Untracked 
| 100|0x000000070c800000, 0x000000070c800000, 0x000000070ca00000|  0%| F|  |TAMS 0x000000070c800000, 0x000000070c800000| Untracked 
| 101|0x000000070ca00000, 0x000000070ca00000, 0x000000070cc00000|  0%| F|  |TAMS 0x000000070ca00000, 0x000000070ca00000| Untracked 
| 102|0x000000070cc00000, 0x000000070cc00000, 0x000000070ce00000|  0%| F|  |TAMS 0x000000070cc00000, 0x000000070cc00000| Untracked 
| 103|0x000000070ce00000, 0x000000070ce00000, 0x000000070d000000|  0%| F|  |TAMS 0x000000070ce00000, 0x000000070ce00000| Untracked 
| 104|0x000000070d000000, 0x000000070d000000, 0x000000070d200000|  0%| F|  |TAMS 0x000000070d000000, 0x000000070d000000| Untracked 
| 105|0x000000070d200000, 0x000000070d200000, 0x000000070d400000|  0%| F|  |TAMS 0x000000070d200000, 0x000000070d200000| Untracked 
| 106|0x000000070d400000, 0x000000070d400000, 0x000000070d600000|  0%| F|  |TAMS 0x000000070d400000, 0x000000070d400000| Untracked 
| 107|0x000000070d600000, 0x000000070d600000, 0x000000070d800000|  0%| F|  |TAMS 0x000000070d600000, 0x000000070d600000| Untracked 
| 108|0x000000070d800000, 0x000000070d800000, 0x000000070da00000|  0%| F|  |TAMS 0x000000070d800000, 0x000000070d800000| Untracked 
| 109|0x000000070da00000, 0x000000070da00000, 0x000000070dc00000|  0%| F|  |TAMS 0x000000070da00000, 0x000000070da00000| Untracked 
| 110|0x000000070dc00000, 0x000000070dc6f418, 0x000000070de00000| 21%| E|  |TAMS 0x000000070dc00000, 0x000000070dc00000| Complete 
| 111|0x000000070de00000, 0x000000070e000000, 0x000000070e000000|100%| E|CS|TAMS 0x000000070de00000, 0x000000070de00000| Complete 
| 112|0x000000070e000000, 0x000000070e200000, 0x000000070e200000|100%| E|CS|TAMS 0x000000070e000000, 0x000000070e000000| Complete 
| 113|0x000000070e200000, 0x000000070e400000, 0x000000070e400000|100%| E|CS|TAMS 0x000000070e200000, 0x000000070e200000| Complete 
| 114|0x000000070e400000, 0x000000070e600000, 0x000000070e600000|100%| E|CS|TAMS 0x000000070e400000, 0x000000070e400000| Complete 
| 115|0x000000070e600000, 0x000000070e734020, 0x000000070e800000| 60%| S|CS|TAMS 0x000000070e600000, 0x000000070e600000| Complete 
| 116|0x000000070e800000, 0x000000070ea00000, 0x000000070ea00000|100%| S|CS|TAMS 0x000000070e800000, 0x000000070e800000| Complete 
| 117|0x000000070ea00000, 0x000000070ec00000, 0x000000070ec00000|100%| E|CS|TAMS 0x000000070ea00000, 0x000000070ea00000| Complete 
| 118|0x000000070ec00000, 0x000000070ee00000, 0x000000070ee00000|100%| E|CS|TAMS 0x000000070ec00000, 0x000000070ec00000| Complete 
| 119|0x000000070ee00000, 0x000000070f000000, 0x000000070f000000|100%| E|CS|TAMS 0x000000070ee00000, 0x000000070ee00000| Complete 
| 120|0x000000070f000000, 0x000000070f200000, 0x000000070f200000|100%| E|CS|TAMS 0x000000070f000000, 0x000000070f000000| Complete 
| 121|0x000000070f200000, 0x000000070f400000, 0x000000070f400000|100%| E|CS|TAMS 0x000000070f200000, 0x000000070f200000| Complete 
| 122|0x000000070f400000, 0x000000070f600000, 0x000000070f600000|100%| E|CS|TAMS 0x000000070f400000, 0x000000070f400000| Complete 
| 123|0x000000070f600000, 0x000000070f800000, 0x000000070f800000|100%| E|CS|TAMS 0x000000070f600000, 0x000000070f600000| Complete 
| 124|0x000000070f800000, 0x000000070fa00000, 0x000000070fa00000|100%| E|CS|TAMS 0x000000070f800000, 0x000000070f800000| Complete 
| 125|0x000000070fa00000, 0x000000070fc00000, 0x000000070fc00000|100%| E|CS|TAMS 0x000000070fa00000, 0x000000070fa00000| Complete 
| 126|0x000000070fc00000, 0x000000070fe00000, 0x000000070fe00000|100%| E|CS|TAMS 0x000000070fc00000, 0x000000070fc00000| Complete 
| 127|0x000000070fe00000, 0x0000000710000000, 0x0000000710000000|100%| E|CS|TAMS 0x000000070fe00000, 0x000000070fe00000| Complete 
|2046|0x00000007ffc00000, 0x00000007ffd78000, 0x00000007ffe00000| 73%|OA|  |TAMS 0x00000007ffc00000, 0x00000007ffc00000| Untracked 
|2047|0x00000007ffe00000, 0x00000007ffe80000, 0x0000000800000000| 25%|CA|  |TAMS 0x00000007ffe00000, 0x00000007ffe00000| Untracked 

Card table byte_map: [0x000000010d000000,0x000000010d800000] _byte_map_base: 0x0000000109800000

Marking Bits (Prev, Next): (CMBitMap*) 0x000000010c031c10, (CMBitMap*) 0x000000010c031c50
 Prev Bits: [0x0000000118000000, 0x000000011c000000)
 Next Bits: [0x0000000120100000, 0x0000000124100000)

Polling page: 0x0000000102758000

Metaspace:

Usage:
  Non-class:     11.80 MB used.
      Class:      2.07 MB used.
       Both:     13.86 MB used.

Virtual space:
  Non-class space:       16.00 MB reserved,      11.88 MB ( 74%) committed,  2 nodes.
      Class space:        1.00 GB reserved,       2.12 MB ( <1%) committed,  1 nodes.
             Both:        1.02 GB reserved,      14.00 MB (  1%) committed. 

Chunk freelists:
   Non-Class:  80.00 KB
       Class:  1.81 MB
        Both:  1.89 MB

MaxMetaspaceSize: unlimited
CompressedClassSpaceSize: 1.00 GB
Initial GC threshold: 21.00 MB
Current GC threshold: 21.00 MB
CDS: on
MetaspaceReclaimPolicy: balanced
 - commit_granule_bytes: 65536.
 - commit_granule_words: 8192.
 - virtual_space_node_default_size: 1048576.
 - enlarge_chunks_in_place: 1.
 - new_chunks_are_fully_committed: 0.
 - uncommit_free_chunks: 1.
 - use_allocation_guard: 0.
 - handle_deallocations: 1.


Internal statistics:

num_allocs_failed_limit: 0.
num_arena_births: 188.
num_arena_deaths: 0.
num_vsnodes_births: 3.
num_vsnodes_deaths: 0.
num_space_committed: 224.
num_space_uncommitted: 0.
num_chunks_returned_to_freelist: 0.
num_chunks_taken_from_freelist: 624.
num_chunk_merges: 0.
num_chunk_splits: 433.
num_chunks_enlarged: 338.
num_purges: 0.
num_inconsistent_stats: 0.

CodeHeap 'non-profiled nmethods': size=120032Kb used=648Kb max_used=648Kb free=119383Kb
 bounds [0x0000000137ac8000, 0x0000000137d38000, 0x000000013f000000]
CodeHeap 'profiled nmethods': size=120016Kb used=3028Kb max_used=3028Kb free=116987Kb
 bounds [0x0000000130594000, 0x0000000130894000, 0x0000000137ac8000]
CodeHeap 'non-nmethods': size=5712Kb used=1354Kb max_used=1452Kb free=4358Kb
 bounds [0x0000000130000000, 0x0000000130270000, 0x0000000130594000]
 total_blobs=2333 nmethods=1587 adapters=663
 compilation: enabled
              stopped_count=0, restarted_count=0
 full_count=0

Compilation events (20 events):
Event: 1.180 Thread 0x000000010e818c00 1638       4       java.lang.StringBuilder::append (8 bytes)
Event: 1.183 Thread 0x000000010e818c00 nmethod 1638 0x0000000137b69090 code [0x0000000137b692c0, 0x0000000137b69a40]
Event: 1.230 Thread 0x000000010e819200 1640       3       java.util.WeakHashMap::<init> (133 bytes)
Event: 1.231 Thread 0x000000010e819200 nmethod 1640 0x0000000130883590 code [0x0000000130883a00, 0x0000000130884fd8]
Event: 1.231 Thread 0x000000010e819200 1639       3       java.util.WeakHashMap::<init> (9 bytes)
Event: 1.231 Thread 0x000000010e819200 nmethod 1639 0x0000000130885790 code [0x0000000130885940, 0x0000000130885ad8]
Event: 1.231 Thread 0x000000010e819200 1641       3       java.util.concurrent.locks.ReentrantLock$Sync::isHeldExclusively (16 bytes)
Event: 1.231 Thread 0x000000010e819200 nmethod 1641 0x0000000130885b90 code [0x0000000130885d40, 0x0000000130885f28]
Event: 1.255 Thread 0x000000010e819200 1642       3       java.security.AccessController::doPrivileged (17 bytes)
Event: 1.255 Thread 0x000000010e819200 nmethod 1642 0x0000000130885f90 code [0x00000001308861c0, 0x0000000130886628]
Event: 1.272 Thread 0x000000010e819200 1644       3       java.util.concurrent.locks.AbstractQueuedSynchronizer$ConditionNode::isReleasable (23 bytes)
Event: 1.272 Thread 0x000000010e819200 nmethod 1644 0x0000000130886810 code [0x00000001308869c0, 0x0000000130886c68]
Event: 1.339 Thread 0x000000010e819200 1645       3       java.util.concurrent.atomic.AtomicBoolean::get (13 bytes)
Event: 1.339 Thread 0x000000010e819200 nmethod 1645 0x0000000130886d10 code [0x0000000130886ec0, 0x0000000130887068]
Event: 1.339 Thread 0x000000010e819200 1646       3       java.util.WeakHashMap::putAll (133 bytes)
Event: 1.339 Thread 0x000000010e819200 nmethod 1646 0x0000000130887110 code [0x00000001308873c0, 0x0000000130888018]
Event: 1.347 Thread 0x000000010e819200 1648       3       com.sun.scenario.animation.AnimationPulse::getDefaultBean (4 bytes)
Event: 1.347 Thread 0x000000010e819200 nmethod 1648 0x0000000130888310 code [0x00000001308884c0, 0x00000001308885a8]
Event: 1.347 Thread 0x000000010e819200 1647  s    3       com.sun.javafx.tk.quantum.QuantumToolkit$PulseTask::set (20 bytes)
Event: 1.348 Thread 0x000000010e819200 nmethod 1647 0x0000000130888690 code [0x0000000130888880, 0x0000000130888ed8]

GC Heap History (2 events):
Event: 0.305 GC heap before
{Heap before GC invocations=0 (full 0):
 garbage-first heap   total 266240K, used 22496K [0x0000000700000000, 0x0000000800000000)
  region size 2048K, 11 young (22528K), 0 survivors (0K)
 Metaspace       used 7353K, committed 7488K, reserved 1056768K
  class space    used 942K, committed 1024K, reserved 1048576K
}
Event: 0.306 GC heap after
{Heap after GC invocations=1 (full 0):
 garbage-first heap   total 266240K, used 5296K [0x0000000700000000, 0x0000000800000000)
  region size 2048K, 2 young (4096K), 2 survivors (4096K)
 Metaspace       used 7353K, committed 7488K, reserved 1056768K
  class space    used 942K, committed 1024K, reserved 1048576K
}

Deoptimization events (20 events):
Event: 0.463 Thread 0x000000010f0f5200 Uncommon trap: trap_request=0xffffff45 fr.pc=0x0000000137ad485c relative=0x000000000000019c
Event: 0.463 Thread 0x000000010f0f5200 Uncommon trap: reason=unstable_if action=reinterpret pc=0x0000000137ad485c method=java.lang.String.isLatin1()Z @ 10 c2
Event: 0.463 Thread 0x000000010f0f5200 DEOPT PACKING pc=0x0000000137ad485c sp=0x000000016d735ef0
Event: 0.463 Thread 0x000000010f0f5200 DEOPT UNPACKING pc=0x000000013003ed1c sp=0x000000016d735e20 mode 2
Event: 0.518 Thread 0x000000010f0f5200 Uncommon trap: trap_request=0xffffff45 fr.pc=0x0000000137b0dbe8 relative=0x0000000000000128
Event: 0.518 Thread 0x000000010f0f5200 Uncommon trap: reason=unstable_if action=reinterpret pc=0x0000000137b0dbe8 method=java.lang.String.isLatin1()Z @ 10 c2
Event: 0.518 Thread 0x000000010f0f5200 DEOPT PACKING pc=0x0000000137b0dbe8 sp=0x000000016d736530
Event: 0.518 Thread 0x000000010f0f5200 DEOPT UNPACKING pc=0x000000013003ed1c sp=0x000000016d7363f0 mode 2
Event: 0.519 Thread 0x000000010f0f5200 Uncommon trap: trap_request=0xffffff45 fr.pc=0x0000000137b2325c relative=0x000000000000019c
Event: 0.519 Thread 0x000000010f0f5200 Uncommon trap: reason=unstable_if action=reinterpret pc=0x0000000137b2325c method=java.io.ByteArrayInputStream.read()I @ 8 c2
Event: 0.519 Thread 0x000000010f0f5200 DEOPT PACKING pc=0x0000000137b2325c sp=0x000000016d735550
Event: 0.519 Thread 0x000000010f0f5200 DEOPT UNPACKING pc=0x000000013003ed1c sp=0x000000016d7354d0 mode 2
Event: 0.521 Thread 0x000000010f0f5200 Uncommon trap: trap_request=0xffffff45 fr.pc=0x0000000137af9398 relative=0x0000000000000158
Event: 0.521 Thread 0x000000010f0f5200 Uncommon trap: reason=unstable_if action=reinterpret pc=0x0000000137af9398 method=java.lang.String.isLatin1()Z @ 10 c2
Event: 0.521 Thread 0x000000010f0f5200 DEOPT PACKING pc=0x0000000137af9398 sp=0x000000016d7364d0
Event: 0.521 Thread 0x000000010f0f5200 DEOPT UNPACKING pc=0x000000013003ed1c sp=0x000000016d736420 mode 2
Event: 1.176 Thread 0x000000010c4c4600 Uncommon trap: trap_request=0xffffff45 fr.pc=0x0000000137ad38b8 relative=0x00000000000000f8
Event: 1.176 Thread 0x000000010c4c4600 Uncommon trap: reason=unstable_if action=reinterpret pc=0x0000000137ad38b8 method=java.lang.StringLatin1.lastIndexOf([BI[BII)I @ 86 c2
Event: 1.176 Thread 0x000000010c4c4600 DEOPT PACKING pc=0x0000000137ad38b8 sp=0x0000000292b498b0
Event: 1.176 Thread 0x000000010c4c4600 DEOPT UNPACKING pc=0x000000013003ed1c sp=0x0000000292b49810 mode 2

Classes unloaded (0 events):
No events

Classes redefined (0 events):
No events

Internal exceptions (20 events):
Event: 0.300 Thread 0x000000010f0f5200 Exception <a 'java/lang/ClassNotFoundException'{0x000000070ebb28c8}: sun/util/logging/resources/spi/loggingProvider> (0x000000070ebb28c8) 
thrown [open/src/hotspot/share/classfile/systemDictionary.cpp, line 256]
Event: 0.315 Thread 0x000000010f0f5200 Exception <a 'java/lang/NoSuchMethodError'{0x000000070ff437c0}: 'java.lang.Object java.lang.invoke.DirectMethodHandle$Holder.invokeSpecial(java.lang.Object, java.lang.Object, java.lang.Object, int, java.lang.Object)'> (0x000000070ff437c0) 
thrown [open/src/hotspot/share/interpreter/linkResolver.cpp, line 766]
Event: 0.353 Thread 0x000000010f0f5200 Exception <a 'java/lang/NoSuchMethodError'{0x000000070f9c99b0}: 'void java.lang.invoke.DirectMethodHandle$Holder.invokeStaticInit(java.lang.Object, java.lang.Object)'> (0x000000070f9c99b0) 
thrown [open/src/hotspot/share/interpreter/linkResolver.cpp, line 766]
Event: 0.354 Thread 0x000000010f0f5200 Exception <a 'java/lang/NoSuchMethodError'{0x000000070f9fed10}: 'void java.lang.invoke.DirectMethodHandle$Holder.invokeSpecial(java.lang.Object, java.lang.Object, java.lang.Object, java.lang.Object, java.lang.Object)'> (0x000000070f9fed10) 
thrown [open/src/hotspot/share/interpreter/linkResolver.cpp, line 766]
Event: 0.372 Thread 0x000000010f0f5200 Implicit null exception at 0x0000000137b2b63c to 0x0000000137b2c1d4
Event: 0.376 Thread 0x000000010f0f5200 Implicit null exception at 0x0000000137b252d4 to 0x0000000137b25634
Event: 0.376 Thread 0x000000010f0f5200 Implicit null exception at 0x0000000137b23994 to 0x0000000137b23cc8
Event: 0.377 Thread 0x000000010f0f5200 Implicit null exception at 0x0000000137adad54 to 0x0000000137adadc0
Event: 0.469 Thread 0x000000010f0f5200 Exception <a 'java/lang/NoSuchMethodError'{0x000000070eee05f0}: 'java.lang.Object java.lang.invoke.DirectMethodHandle$Holder.invokeInterface(java.lang.Object, java.lang.Object, java.lang.Object)'> (0x000000070eee05f0) 
thrown [open/src/hotspot/share/interpreter/linkResolver.cpp, line 766]
Event: 0.469 Thread 0x000000010f0f5200 Exception <a 'java/lang/IncompatibleClassChangeError'{0x000000070eee3f78}: Found class java.lang.Object, but interface was expected> (0x000000070eee3f78) 
thrown [open/src/hotspot/share/interpreter/linkResolver.cpp, line 833]
Event: 0.482 Thread 0x000000010f0f5200 Exception <a 'java/lang/ClassNotFoundException'{0x000000070ecdfa00}: com/sun/javafx/scene/control/skin/resources/controls> (0x000000070ecdfa00) 
thrown [open/src/hotspot/share/prims/jni.cpp, line 535]
Event: 0.483 Thread 0x000000010f0f5200 Exception <a 'java/lang/ClassNotFoundException'{0x000000070eced9a0}: com/sun/javafx/scene/control/skin/resources/controls_ru> (0x000000070eced9a0) 
thrown [open/src/hotspot/share/prims/jni.cpp, line 535]
Event: 0.483 Thread 0x000000010f0f5200 Exception <a 'java/lang/ClassNotFoundException'{0x000000070ecee938}: com/sun/javafx/scene/control/skin/resources/controls_ru_AZ> (0x000000070ecee938) 
thrown [open/src/hotspot/share/prims/jni.cpp, line 535]
Event: 0.497 Thread 0x000000010f0f5200 Exception <a 'java/lang/NoSuchMethodError'{0x000000070eaaf1a0}: 'void java.lang.invoke.DirectMethodHandle$Holder.invokeSpecial(java.lang.Object, java.lang.Object, java.lang.Object, java.lang.Object, java.lang.Object, java.lang.Object)'> (0x000000070eaaf1a0) 
thrown [open/src/hotspot/share/interpreter/linkResolver.cpp, line 766]
Event: 0.526 Thread 0x000000010f0f5200 Exception <a 'java/lang/NoSuchMethodError'{0x000000070e21fb08}: 'java.lang.Object java.lang.invoke.DirectMethodHandle$Holder.newInvokeSpecial(java.lang.Object, java.lang.Object, int)'> (0x000000070e21fb08) 
thrown [open/src/hotspot/share/interpreter/linkResolver.cpp, line 766]
Event: 0.560 Thread 0x000000010c0d5a00 Exception <a 'java/lang/NoSuchMethodError'{0x000000070e03cf50}: 'int java.lang.invoke.DirectMethodHandle$Holder.invokeStaticInit(java.lang.Object, java.lang.Object)'> (0x000000070e03cf50) 
thrown [open/src/hotspot/share/interpreter/linkResolver.cpp, line 766]
Event: 0.565 Thread 0x000000010f0f5200 Exception <a 'java/lang/NoSuchMethodError'{0x000000070e272b38}: 'long java.lang.invoke.DirectMethodHandle$Holder.invokeStatic(java.lang.Object, java.lang.Object, java.lang.Object)'> (0x000000070e272b38) 
thrown [open/src/hotspot/share/interpreter/linkResolver.cpp, line 766]
Event: 0.565 Thread 0x000000010f0f5200 Exception <a 'java/lang/NoSuchMethodError'{0x000000070e2762e0}: 'long java.lang.invoke.DirectMethodHandle$Holder.invokeStaticInit(java.lang.Object, java.lang.Object, java.lang.Object)'> (0x000000070e2762e0) 
thrown [open/src/hotspot/share/interpreter/linkResolver.cpp, line 766]
Event: 0.566 Thread 0x000000010f0f5200 Exception <a 'java/lang/NoSuchMethodError'{0x000000070e28dee8}: 'java.lang.Object java.lang.invoke.DirectMethodHandle$Holder.newInvokeSpecial(java.lang.Object, java.lang.Object, long)'> (0x000000070e28dee8) 
thrown [open/src/hotspot/share/interpreter/linkResolver.cpp, line 766]
Event: 0.566 Thread 0x000000010f0f5200 Exception <a 'java/lang/NoSuchMethodError'{0x000000070e2917b0}: 'java.lang.Object java.lang.invoke.Invokers$Holder.linkToTargetMethod(java.lang.Object, long, java.lang.Object)'> (0x000000070e2917b0) 
thrown [open/src/hotspot/share/interpreter/linkResolver.cpp, line 766]

VM Operations (20 events):
Event: 0.049 Executing VM operation: HandshakeAllThreads
Event: 0.049 Executing VM operation: HandshakeAllThreads done
Event: 0.052 Executing VM operation: ICBufferFull
Event: 0.052 Executing VM operation: ICBufferFull done
Event: 0.058 Executing VM operation: HandshakeAllThreads
Event: 0.058 Executing VM operation: HandshakeAllThreads done
Event: 0.293 Executing VM operation: ICBufferFull
Event: 0.293 Executing VM operation: ICBufferFull done
Event: 0.305 Executing VM operation: G1CollectForAllocation
Event: 0.307 Executing VM operation: G1CollectForAllocation done
Event: 0.308 Executing VM operation: HandshakeAllThreads
Event: 0.308 Executing VM operation: HandshakeAllThreads done
Event: 0.318 Executing VM operation: HandshakeAllThreads
Event: 0.318 Executing VM operation: HandshakeAllThreads done
Event: 0.333 Executing VM operation: HandshakeAllThreads
Event: 0.333 Executing VM operation: HandshakeAllThreads done
Event: 0.349 Executing VM operation: ICBufferFull
Event: 0.349 Executing VM operation: ICBufferFull done
Event: 0.496 Executing VM operation: ICBufferFull
Event: 0.496 Executing VM operation: ICBufferFull done

Events (20 events):
Event: 1.174 loading class sun/util/locale/provider/TimeZoneNameUtility$TimeZoneNameGetter
Event: 1.174 loading class sun/util/locale/provider/TimeZoneNameUtility$TimeZoneNameGetter done
Event: 1.174 loading class sun/util/cldr/CLDRTimeZoneNameProviderImpl
Event: 1.174 loading class sun/util/locale/provider/TimeZoneNameProviderImpl
Event: 1.174 loading class sun/util/locale/provider/TimeZoneNameProviderImpl done
Event: 1.174 loading class sun/util/cldr/CLDRTimeZoneNameProviderImpl done
Event: 1.175 loading class sun/util/resources/cldr/TimeZoneNames
Event: 1.175 loading class sun/util/resources/TimeZoneNamesBundle
Event: 1.175 loading class sun/util/resources/OpenListResourceBundle
Event: 1.175 loading class sun/util/resources/OpenListResourceBundle done
Event: 1.175 loading class sun/util/resources/TimeZoneNamesBundle done
Event: 1.175 loading class sun/util/resources/cldr/TimeZoneNames done
Event: 1.175 loading class sun/util/resources/cldr/TimeZoneNames_en
Event: 1.176 loading class sun/util/resources/cldr/TimeZoneNames_en done
Event: 1.176 loading class sun/util/resources/cldr/TimeZoneNames_en_US
Event: 1.176 loading class sun/util/resources/cldr/TimeZoneNames_en_US done
Event: 1.176 loading class sun/util/resources/TimeZoneNames
Event: 1.176 loading class sun/util/resources/TimeZoneNames done
Event: 1.177 loading class sun/util/resources/TimeZoneNames_en
Event: 1.177 loading class sun/util/resources/TimeZoneNames_en done


Dynamic libraries:
0x00000001026f8000 	/Users/stormy/Library/Java/JavaVirtualMachines/openjdk-17.0.1/Contents/Home/lib/libjli.dylib
0x00000001bec10000 	/usr/lib/libz.1.dylib
0x00000001becc7000 	/usr/lib/libSystem.B.dylib
0x00000001becc1000 	/usr/lib/system/libcache.dylib
0x00000001bec7f000 	/usr/lib/system/libcommonCrypto.dylib
0x00000001beca8000 	/usr/lib/system/libcompiler_rt.dylib
0x00000001bec9f000 	/usr/lib/system/libcopyfile.dylib
0x00000001b3f07000 	/usr/lib/system/libcorecrypto.dylib
0x00000001b3fba000 	/usr/lib/system/libdispatch.dylib
0x00000001b4188000 	/usr/lib/system/libdyld.dylib
0x00000001becb7000 	/usr/lib/system/libkeymgr.dylib
0x00000001bec5a000 	/usr/lib/system/libmacho.dylib
0x00000001be34f000 	/usr/lib/system/libquarantine.dylib
0x00000001becb4000 	/usr/lib/system/libremovefile.dylib
0x00000001b92f0000 	/usr/lib/system/libsystem_asl.dylib
0x00000001b3ea9000 	/usr/lib/system/libsystem_blocks.dylib
0x00000001b4042000 	/usr/lib/system/libsystem_c.dylib
0x00000001becac000 	/usr/lib/system/libsystem_collections.dylib
0x00000001bd7dd000 	/usr/lib/system/libsystem_configuration.dylib
0x00000001bca39000 	/usr/lib/system/libsystem_containermanager.dylib
0x00000001be9bc000 	/usr/lib/system/libsystem_coreservices.dylib
0x00000001b68b0000 	/usr/lib/system/libsystem_darwin.dylib
0x00000001becb8000 	/usr/lib/system/libsystem_dnssd.dylib
0x00000001b403f000 	/usr/lib/system/libsystem_featureflags.dylib
0x00000001b419d000 	/usr/lib/system/libsystem_info.dylib
0x00000001bec22000 	/usr/lib/system/libsystem_m.dylib
0x00000001b3f8f000 	/usr/lib/system/libsystem_malloc.dylib
0x00000001b927f000 	/usr/lib/system/libsystem_networkextension.dylib
0x00000001b6d09000 	/usr/lib/system/libsystem_notify.dylib
0x00000001c5005000 	/usr/lib/system/libsystem_product_info_filter.dylib
0x00000001bd7e2000 	/usr/lib/system/libsystem_sandbox.dylib
0x00000001becb1000 	/usr/lib/system/libsystem_secinit.dylib
0x00000001b4143000 	/usr/lib/system/libsystem_kernel.dylib
0x00000001b4195000 	/usr/lib/system/libsystem_platform.dylib
0x00000001b417b000 	/usr/lib/system/libsystem_pthread.dylib
0x00000001baa48000 	/usr/lib/system/libsystem_symptoms.dylib
0x00000001b3eed000 	/usr/lib/system/libsystem_trace.dylib
0x00000001bec8c000 	/usr/lib/system/libunwind.dylib
0x00000001b3eab000 	/usr/lib/system/libxpc.dylib
0x00000001b412b000 	/usr/lib/libc++abi.dylib
0x00000001b4001000 	/usr/lib/libobjc.A.dylib
0x00000001bec97000 	/usr/lib/liboah.dylib
0x00000001b40c4000 	/usr/lib/libc++.1.dylib
0x00000001cab1e000 	/System/Library/Frameworks/Cocoa.framework/Versions/A/Cocoa
0x00000001b6d6a000 	/System/Library/Frameworks/AppKit.framework/Versions/C/AppKit
0x00000001ba270000 	/System/Library/Frameworks/CoreData.framework/Versions/A/CoreData
0x00000001b50c5000 	/System/Library/Frameworks/Foundation.framework/Versions/C/Foundation
0x00000001b7c22000 	/System/Library/PrivateFrameworks/UIFoundation.framework/Versions/A/UIFoundation
0x00000001c4cff000 	/System/Library/PrivateFrameworks/RemoteViewServices.framework/Versions/A/RemoteViewServices
0x00000001bd185000 	/System/Library/PrivateFrameworks/XCTTargetBootstrap.framework/Versions/A/XCTTargetBootstrap
0x00000001c0a03000 	/System/Library/PrivateFrameworks/InternationalSupport.framework/Versions/A/InternationalSupport
0x00000001c0a8c000 	/System/Library/PrivateFrameworks/UserActivity.framework/Versions/A/UserActivity
0x00000001bfefe000 	/usr/lib/libspindump.dylib
0x00000001b7e93000 	/System/Library/Frameworks/UniformTypeIdentifiers.framework/Versions/A/UniformTypeIdentifiers
0x00000001bb6d0000 	/usr/lib/libapp_launch_measurement.dylib
0x00000001babfa000 	/System/Library/PrivateFrameworks/CoreAnalytics.framework/Versions/A/CoreAnalytics
0x00000001bb6d3000 	/System/Library/PrivateFrameworks/CoreAutoLayout.framework/Versions/A/CoreAutoLayout
0x00000001bca76000 	/System/Library/Frameworks/Metal.framework/Versions/A/Metal
0x00000001bd7ed000 	/usr/lib/liblangid.dylib
0x00000001bd18a000 	/System/Library/PrivateFrameworks/CoreSVG.framework/Versions/A/CoreSVG
0x00000001b9324000 	/System/Library/PrivateFrameworks/SkyLight.framework/Versions/A/SkyLight
0x00000001b96f9000 	/System/Library/Frameworks/CoreGraphics.framework/Versions/A/CoreGraphics
0x00000001c53cb000 	/System/Library/Frameworks/Accelerate.framework/Versions/A/Accelerate
0x00000001bf975000 	/System/Library/PrivateFrameworks/IconServices.framework/Versions/A/IconServices
0x00000001bca58000 	/System/Library/Frameworks/IOSurface.framework/Versions/A/IOSurface
0x00000001bac2b000 	/usr/lib/libDiagnosticMessagesClient.dylib
0x00000001c88cc000 	/System/Library/Frameworks/ApplicationServices.framework/Versions/A/ApplicationServices
0x00000001bd16d000 	/System/Library/PrivateFrameworks/DFRFoundation.framework/Versions/A/DFRFoundation
0x00000001b65fa000 	/usr/lib/libicucore.A.dylib
0x00000001c18af000 	/System/Library/Frameworks/AudioToolbox.framework/Versions/A/AudioToolbox
0x00000001c0a0f000 	/System/Library/PrivateFrameworks/DataDetectorsCore.framework/Versions/A/DataDetectorsCore
0x00000001d734f000 	/System/Library/PrivateFrameworks/TextInput.framework/Versions/A/TextInput
0x00000001b9299000 	/usr/lib/libMobileGestalt.dylib
0x00000001bce39000 	/System/Library/Frameworks/Carbon.framework/Versions/A/Frameworks/HIToolbox.framework/Versions/A/HIToolbox
0x00000001bb0ac000 	/System/Library/Frameworks/QuartzCore.framework/Versions/A/QuartzCore
0x00000001b627d000 	/System/Library/Frameworks/Security.framework/Versions/A/Security
0x00000001c4d3f000 	/System/Library/Frameworks/Carbon.framework/Versions/A/Frameworks/SpeechRecognition.framework/Versions/A/SpeechRecognition
0x00000001bb426000 	/System/Library/PrivateFrameworks/CoreUI.framework/Versions/A/CoreUI
0x00000001b5b5a000 	/System/Library/Frameworks/CoreAudio.framework/Versions/A/CoreAudio
0x00000001bad20000 	/System/Library/Frameworks/DiskArbitration.framework/Versions/A/DiskArbitration
0x00000001c0308000 	/System/Library/PrivateFrameworks/MultitouchSupport.framework/Versions/A/MultitouchSupport
0x00000001b9297000 	/usr/lib/libenergytrace.dylib
0x00000001b6c32000 	/System/Library/Frameworks/IOKit.framework/Versions/A/IOKit
0x00000001c512e000 	/System/Library/Frameworks/CoreServices.framework/Versions/A/CoreServices
0x00000001bb660000 	/System/Library/PrivateFrameworks/PerformanceAnalysis.framework/Versions/A/PerformanceAnalysis
0x0000000215637000 	/System/Library/Frameworks/OpenGL.framework/Versions/A/OpenGL
0x00000001be267000 	/System/Library/PrivateFrameworks/MobileKeyBag.framework/Versions/A/MobileKeyBag
0x00000001b9d06000 	/System/Library/Frameworks/ColorSync.framework/Versions/A/ColorSync
0x00000001b41ca000 	/System/Library/Frameworks/CoreFoundation.framework/Versions/A/CoreFoundation
0x00000001bd409000 	/System/Library/Frameworks/CoreImage.framework/Versions/A/CoreImage
0x00000001b597e000 	/System/Library/Frameworks/CoreText.framework/Versions/A/CoreText
0x00000001bd1ba000 	/System/Library/Frameworks/ImageIO.framework/Versions/A/ImageIO
0x00000001beccd000 	/System/Library/PrivateFrameworks/SoftLinking.framework/Versions/A/SoftLinking
0x00000001bb71e000 	/usr/lib/libxml2.2.dylib
0x00000001bef66000 	/usr/lib/libcompression.dylib
0x00000001c095f000 	/System/Library/PrivateFrameworks/TextureIO.framework/Versions/A/TextureIO
0x00000001bf68e000 	/usr/lib/libate.dylib
0x00000001bf553000 	/usr/lib/liblzma.5.dylib
0x00000001b4db9000 	/System/Library/Frameworks/SystemConfiguration.framework/Versions/A/SystemConfiguration
0x00000001becc9000 	/usr/lib/libfakelink.dylib
0x00000001b8dcb000 	/System/Library/Frameworks/CFNetwork.framework/Versions/A/CFNetwork
0x00000001bee0f000 	/usr/lib/libarchive.2.dylib
0x00000001bd7e9000 	/System/Library/PrivateFrameworks/AppleSystemInfo.framework/Versions/A/AppleSystemInfo
0x00000001be37a000 	/usr/lib/libbsm.0.dylib
0x00000001b833c000 	/usr/lib/libnetwork.dylib
0x00000001bec63000 	/usr/lib/system/libkxld.dylib
0x00000001bdf8d000 	/System/Library/PrivateFrameworks/IOMobileFramebuffer.framework/Versions/A/IOMobileFramebuffer
0x0000000232f63000 	/usr/lib/libCoreEntitlements.dylib
0x00000001be99e000 	/System/Library/PrivateFrameworks/AppleFSCompression.framework/Versions/A/AppleFSCompression
0x00000001be362000 	/usr/lib/libcoretls.dylib
0x00000001bf56c000 	/usr/lib/libcoretls_cfhelpers.dylib
0x00000001bef61000 	/usr/lib/libpam.2.dylib
0x00000001ba65f000 	/usr/lib/libsqlite3.dylib
0x00000001bf5d5000 	/usr/lib/libxar.1.dylib
0x00000001be9af000 	/usr/lib/libbz2.1.0.dylib
0x00000001becce000 	/usr/lib/libpcap.A.dylib
0x00000001baa3f000 	/usr/lib/libdns_services.dylib
0x00000001bef34000 	/usr/lib/libapple_nghttp2.dylib
0x00000001bed0b000 	/usr/lib/libiconv.2.dylib
0x00000001bec59000 	/usr/lib/libcharset.1.dylib
0x00000001bb69c000 	/System/Library/Frameworks/CoreServices.framework/Versions/A/Frameworks/FSEvents.framework/Versions/A/FSEvents
0x00000001b68bb000 	/System/Library/Frameworks/CoreServices.framework/Versions/A/Frameworks/CarbonCore.framework/Versions/A/CarbonCore
0x00000001bac80000 	/System/Library/Frameworks/CoreServices.framework/Versions/A/Frameworks/Metadata.framework/Versions/A/Metadata
0x00000001be9c2000 	/System/Library/Frameworks/CoreServices.framework/Versions/A/Frameworks/OSServices.framework/Versions/A/OSServices
0x00000001bee95000 	/System/Library/Frameworks/CoreServices.framework/Versions/A/Frameworks/SearchKit.framework/Versions/A/SearchKit
0x00000001ba9ce000 	/System/Library/Frameworks/CoreServices.framework/Versions/A/Frameworks/AE.framework/Versions/A/AE
0x00000001b4710000 	/System/Library/Frameworks/CoreServices.framework/Versions/A/Frameworks/LaunchServices.framework/Versions/A/LaunchServices
0x00000001bf4fc000 	/System/Library/Frameworks/CoreServices.framework/Versions/A/Frameworks/DictionaryServices.framework/Versions/A/DictionaryServices
0x00000001bb6a9000 	/System/Library/Frameworks/CoreServices.framework/Versions/A/Frameworks/SharedFileList.framework/Versions/A/SharedFileList
0x00000001be352000 	/usr/lib/libCheckFix.dylib
0x00000001b9308000 	/System/Library/PrivateFrameworks/TCC.framework/Versions/A/TCC
0x00000001bd7ef000 	/System/Library/PrivateFrameworks/CoreNLP.framework/Versions/A/CoreNLP
0x00000001bac2e000 	/System/Library/PrivateFrameworks/MetadataUtilities.framework/Versions/A/MetadataUtilities
0x00000001b4e72000 	/usr/lib/libmecabra.dylib
0x00000001be38b000 	/usr/lib/libmecab.dylib
0x00000001b4e3e000 	/usr/lib/libCRFSuite.dylib
0x00000001be3e8000 	/usr/lib/libgermantok.dylib
0x00000001bef0d000 	/usr/lib/libThaiTokenizer.dylib
0x00000001bad28000 	/System/Library/Frameworks/Accelerate.framework/Versions/A/Frameworks/vImage.framework/Versions/A/vImage
0x00000001c5105000 	/System/Library/Frameworks/Accelerate.framework/Versions/A/Frameworks/vecLib.framework/Versions/A/vecLib
0x00000001bf61a000 	/System/Library/Frameworks/Accelerate.framework/Versions/A/Frameworks/vecLib.framework/Versions/A/libvMisc.dylib
0x00000001bde94000 	/System/Library/Frameworks/Accelerate.framework/Versions/A/Frameworks/vecLib.framework/Versions/A/libvDSP.dylib
0x00000001b4a99000 	/System/Library/Frameworks/Accelerate.framework/Versions/A/Frameworks/vecLib.framework/Versions/A/libBLAS.dylib
0x00000001bf037000 	/System/Library/Frameworks/Accelerate.framework/Versions/A/Frameworks/vecLib.framework/Versions/A/libLAPACK.dylib
0x00000001be3eb000 	/System/Library/Frameworks/Accelerate.framework/Versions/A/Frameworks/vecLib.framework/Versions/A/libLinearAlgebra.dylib
0x00000001bef4c000 	/System/Library/Frameworks/Accelerate.framework/Versions/A/Frameworks/vecLib.framework/Versions/A/libSparseBLAS.dylib
0x00000001bf032000 	/System/Library/Frameworks/Accelerate.framework/Versions/A/Frameworks/vecLib.framework/Versions/A/libQuadrature.dylib
0x00000001bd8e8000 	/System/Library/Frameworks/Accelerate.framework/Versions/A/Frameworks/vecLib.framework/Versions/A/libBNNS.dylib
0x00000001b4d57000 	/System/Library/Frameworks/Accelerate.framework/Versions/A/Frameworks/vecLib.framework/Versions/A/libSparse.dylib
0x00000001bd8e0000 	/System/Library/PrivateFrameworks/LinguisticData.framework/Versions/A/LinguisticData
0x00000001b4d0f000 	/System/Library/PrivateFrameworks/Lexicon.framework/Versions/A/Lexicon
0x00000001bf612000 	/usr/lib/libChineseTokenizer.dylib
0x00000001b54b6000 	/System/Library/PrivateFrameworks/LanguageModeling.framework/Versions/A/LanguageModeling
0x00000001bef0f000 	/System/Library/PrivateFrameworks/AppleSauce.framework/Versions/A/AppleSauce
0x00000001bdf7a000 	/System/Library/PrivateFrameworks/CoreEmoji.framework/Versions/A/CoreEmoji
0x00000001bedfd000 	/usr/lib/libcmph.dylib
0x00000001bb67c000 	/System/Library/Frameworks/OpenDirectory.framework/Versions/A/Frameworks/CFOpenDirectory.framework/Versions/A/CFOpenDirectory
0x00000001bb66c000 	/System/Library/Frameworks/OpenDirectory.framework/Versions/A/OpenDirectory
0x00000001bf56e000 	/System/Library/PrivateFrameworks/APFS.framework/Versions/A/APFS
0x00000001be2a2000 	/System/Library/Frameworks/SecurityFoundation.framework/Versions/A/SecurityFoundation
0x00000001bf5e4000 	/usr/lib/libutil.dylib
0x00000001b6bf4000 	/System/Library/PrivateFrameworks/CoreServicesStore.framework/Versions/A/CoreServicesStore
0x00000001bf5e8000 	/usr/lib/libxslt.1.dylib
0x00000001be336000 	/System/Library/PrivateFrameworks/BackgroundTaskManagement.framework/Versions/A/BackgroundTaskManagement
0x00000001c0880000 	/System/Library/Frameworks/ImageIO.framework/Versions/A/Resources/libRadiance.dylib
0x00000001c0889000 	/System/Library/Frameworks/ImageIO.framework/Versions/A/Resources/libJPEG.dylib
0x00000001c07dc000 	/System/Library/Frameworks/ImageIO.framework/Versions/A/Resources/libPng.dylib
0x00000001c07fe000 	/System/Library/Frameworks/ImageIO.framework/Versions/A/Resources/libTIFF.dylib
0x00000001c08e4000 	/System/Library/Frameworks/ImageIO.framework/Versions/A/Resources/libGIF.dylib
0x00000001c0218000 	/System/Library/Frameworks/ImageIO.framework/Versions/A/Resources/libJP2.dylib
0x00000001bf93a000 	/usr/lib/libexpat.1.dylib
0x00000001c01d3000 	/System/Library/PrivateFrameworks/AppleJPEG.framework/Versions/A/AppleJPEG
0x00000001bccf5000 	/System/Library/PrivateFrameworks/FontServices.framework/libFontParser.dylib
0x00000001ba973000 	/System/Library/PrivateFrameworks/RunningBoardServices.framework/Versions/A/RunningBoardServices
0x00000001cb1f1000 	/System/Library/PrivateFrameworks/IOSurfaceAccelerator.framework/Versions/A/IOSurfaceAccelerator
0x00000001c0304000 	/System/Library/PrivateFrameworks/WatchdogClient.framework/Versions/A/WatchdogClient
0x00000001b55ba000 	/System/Library/Frameworks/CoreDisplay.framework/Versions/A/CoreDisplay
0x00000001bcbdf000 	/System/Library/Frameworks/CoreMedia.framework/Versions/A/CoreMedia
0x00000001bca6c000 	/System/Library/PrivateFrameworks/IOAccelerator.framework/Versions/A/IOAccelerator
0x00000001bb80c000 	/System/Library/Frameworks/CoreVideo.framework/Versions/A/CoreVideo
0x00000001bef5f000 	/System/Library/Frameworks/MetalPerformanceShaders.framework/Versions/A/MetalPerformanceShaders
0x00000001c0343000 	/System/Library/Frameworks/VideoToolbox.framework/Versions/A/VideoToolbox
0x00000001ba8b7000 	/System/Library/PrivateFrameworks/BaseBoard.framework/Versions/A/BaseBoard
0x00000001ba645000 	/System/Library/PrivateFrameworks/ProtocolBuffer.framework/Versions/A/ProtocolBuffer
0x00000001c087b000 	/System/Library/PrivateFrameworks/GPUWrangler.framework/Versions/A/GPUWrangler
0x00000001c085b000 	/System/Library/PrivateFrameworks/IOPresentment.framework/Versions/A/IOPresentment
0x00000001c0883000 	/System/Library/PrivateFrameworks/DSExternalDisplay.framework/Versions/A/DSExternalDisplay
0x000000021562a000 	/System/Library/Frameworks/OpenGL.framework/Versions/A/Libraries/libCoreFSCache.dylib
0x000000021fae9000 	/System/Library/PrivateFrameworks/GPUCompiler.framework/Versions/31001/Libraries/libGPUCompilerUtils.dylib
0x00000001c08e9000 	/System/Library/PrivateFrameworks/CMCaptureCore.framework/Versions/A/CMCaptureCore
0x00000001bfeeb000 	/System/Library/PrivateFrameworks/AppServerSupport.framework/Versions/A/AppServerSupport
0x00000001c216c000 	/System/Library/PrivateFrameworks/perfdata.framework/Versions/A/perfdata
0x00000001b56da000 	/System/Library/PrivateFrameworks/AudioToolboxCore.framework/Versions/A/AudioToolboxCore
0x00000001bcbb8000 	/System/Library/PrivateFrameworks/caulk.framework/Versions/A/caulk
0x00000001c1a61000 	/usr/lib/libAudioStatistics.dylib
0x00000001d39b6000 	/System/Library/PrivateFrameworks/SystemPolicy.framework/Versions/A/SystemPolicy
0x00000001c1ccd000 	/usr/lib/libSMC.dylib
0x00000001caa00000 	/System/Library/Frameworks/CoreMIDI.framework/Versions/A/CoreMIDI
0x00000001c07aa000 	/usr/lib/libAudioToolboxUtility.dylib
0x00000001cfa83000 	/System/Library/PrivateFrameworks/OSAServicesClient.framework/Versions/A/OSAServicesClient
0x00000001c2179000 	/usr/lib/libperfcheck.dylib
0x00000001d44ce000 	/usr/lib/libmis.dylib
0x000000021568c000 	/System/Library/Frameworks/OpenGL.framework/Versions/A/Libraries/libGLU.dylib
0x000000021564b000 	/System/Library/Frameworks/OpenGL.framework/Versions/A/Libraries/libGFXShared.dylib
0x0000000215838000 	/System/Library/Frameworks/OpenGL.framework/Versions/A/Libraries/libGL.dylib
0x0000000215654000 	/System/Library/Frameworks/OpenGL.framework/Versions/A/Libraries/libGLImage.dylib
0x0000000215648000 	/System/Library/Frameworks/OpenGL.framework/Versions/A/Libraries/libCVMSPluginSupport.dylib
0x0000000215631000 	/System/Library/Frameworks/OpenGL.framework/Versions/A/Libraries/libCoreVMClient.dylib
0x00000001bd769000 	/System/Library/Frameworks/MetalPerformanceShaders.framework/Versions/A/Frameworks/MPSCore.framework/Versions/A/MPSCore
0x00000001be911000 	/System/Library/Frameworks/MetalPerformanceShaders.framework/Versions/A/Frameworks/MPSImage.framework/Versions/A/MPSImage
0x00000001be400000 	/System/Library/Frameworks/MetalPerformanceShaders.framework/Versions/A/Frameworks/MPSNeuralNetwork.framework/Versions/A/MPSNeuralNetwork
0x00000001be839000 	/System/Library/Frameworks/MetalPerformanceShaders.framework/Versions/A/Frameworks/MPSMatrix.framework/Versions/A/MPSMatrix
0x00000001be612000 	/System/Library/Frameworks/MetalPerformanceShaders.framework/Versions/A/Frameworks/MPSRayIntersector.framework/Versions/A/MPSRayIntersector
0x00000001be86a000 	/System/Library/Frameworks/MetalPerformanceShaders.framework/Versions/A/Frameworks/MPSNDArray.framework/Versions/A/MPSNDArray
0x00000002177a3000 	/System/Library/Frameworks/MetalPerformanceShaders.framework/Versions/A/Frameworks/MPSFunctions.framework/Versions/A/MPSFunctions
0x00000001b4970000 	/System/Library/PrivateFrameworks/MetalTools.framework/Versions/A/MetalTools
0x00000001bd7e7000 	/System/Library/PrivateFrameworks/AggregateDictionary.framework/Versions/A/AggregateDictionary
0x00000001bf71f000 	/usr/lib/libIOReport.dylib
0x00000001c9a1e000 	/System/Library/PrivateFrameworks/ASEProcessing.framework/Versions/A/ASEProcessing
0x00000001bfa94000 	/System/Library/PrivateFrameworks/FaceCore.framework/Versions/A/FaceCore
0x00000001bfa86000 	/System/Library/PrivateFrameworks/GraphVisualizer.framework/Versions/A/GraphVisualizer
0x000000021fa00000 	/System/Library/PrivateFrameworks/FontServices.framework/Versions/A/FontServices
0x00000001bfea7000 	/System/Library/PrivateFrameworks/OTSVG.framework/Versions/A/OTSVG
0x00000001bb3d6000 	/System/Library/Frameworks/ApplicationServices.framework/Versions/A/Frameworks/ATS.framework/Versions/A/Resources/libFontRegistry.dylib
0x00000001bfef4000 	/System/Library/PrivateFrameworks/FontServices.framework/libhvf.dylib
0x000000021fa01000 	/System/Library/PrivateFrameworks/FontServices.framework/libXTFontStaticRegistryData.dylib
0x00000002159d9000 	/System/Library/Frameworks/OpenCL.framework/Versions/A/OpenCL
0x00000001bf8ee000 	/System/Library/PrivateFrameworks/AppleVA.framework/Versions/A/AppleVA
0x00000001c1a89000 	/System/Library/Frameworks/ApplicationServices.framework/Versions/A/Frameworks/ATS.framework/Versions/A/ATS
0x00000001b9e03000 	/System/Library/Frameworks/ApplicationServices.framework/Versions/A/Frameworks/HIServices.framework/Versions/A/HIServices
0x00000001c08f3000 	/System/Library/Frameworks/ApplicationServices.framework/Versions/A/Frameworks/PrintCore.framework/Versions/A/PrintCore
0x00000001c1e20000 	/System/Library/Frameworks/ApplicationServices.framework/Versions/A/Frameworks/QD.framework/Versions/A/QD
0x00000001c1e18000 	/System/Library/Frameworks/ApplicationServices.framework/Versions/A/Frameworks/ColorSyncLegacy.framework/Versions/A/ColorSyncLegacy
0x00000001c1a75000 	/System/Library/Frameworks/ApplicationServices.framework/Versions/A/Frameworks/SpeechSynthesis.framework/Versions/A/SpeechSynthesis
0x00000001c08b4000 	/System/Library/Frameworks/ApplicationServices.framework/Versions/A/Frameworks/ATSUI.framework/Versions/A/ATSUI
0x00000001c1dad000 	/usr/lib/libcups.2.dylib
0x00000001c2187000 	/System/Library/Frameworks/Kerberos.framework/Versions/A/Kerberos
0x00000001c2198000 	/System/Library/Frameworks/GSS.framework/Versions/A/GSS
0x00000001c1af9000 	/usr/lib/libresolv.9.dylib
0x00000001bff03000 	/System/Library/PrivateFrameworks/Heimdal.framework/Versions/A/Heimdal
0x00000001c8c53000 	/System/Library/Frameworks/Kerberos.framework/Versions/A/Libraries/libHeimdalProxy.dylib
0x00000001baa51000 	/System/Library/Frameworks/Network.framework/Versions/A/Network
0x00000001bf955000 	/usr/lib/libheimdal-asn1.dylib
0x00000001c21e8000 	/System/Library/PrivateFrameworks/CommonAuth.framework/Versions/A/CommonAuth
0x00000001c19ef000 	/System/Library/PrivateFrameworks/AudioSession.framework/Versions/A/AudioSession
0x00000001bf9e7000 	/System/Library/PrivateFrameworks/MediaExperience.framework/Versions/A/MediaExperience
0x00000001c1875000 	/System/Library/PrivateFrameworks/AudioSession.framework/libSessionUtility.dylib
0x00000001c1e2c000 	/System/Library/PrivateFrameworks/AudioResourceArbitration.framework/Versions/A/AudioResourceArbitration
0x00000001c5fe2000 	/System/Library/PrivateFrameworks/PowerLog.framework/Versions/A/PowerLog
0x00000001bf95f000 	/System/Library/PrivateFrameworks/IconFoundation.framework/Versions/A/IconFoundation
0x00000001c4d2b000 	/System/Library/PrivateFrameworks/SpeechRecognitionCore.framework/Versions/A/SpeechRecognitionCore
0x0000000102744000 	/System/Library/CoreServices/Encodings/libCyrillicConverter.dylib
0x000000010381c000 	/Users/stormy/Library/Java/JavaVirtualMachines/openjdk-17.0.1/Contents/Home/lib/server/libjvm.dylib
0x000000010292c000 	/Users/stormy/Library/Java/JavaVirtualMachines/openjdk-17.0.1/Contents/Home/lib/libjimage.dylib
0x0000000102958000 	/Users/stormy/Library/Java/JavaVirtualMachines/openjdk-17.0.1/Contents/Home/lib/libinstrument.dylib
0x00000001029a4000 	/Users/stormy/Library/Java/JavaVirtualMachines/openjdk-17.0.1/Contents/Home/lib/libjava.dylib
0x0000000102aa0000 	/Users/stormy/Library/Java/JavaVirtualMachines/openjdk-17.0.1/Contents/Home/lib/libnio.dylib
0x0000000102ac0000 	/Users/stormy/Library/Java/JavaVirtualMachines/openjdk-17.0.1/Contents/Home/lib/libnet.dylib
0x0000000102988000 	/Users/stormy/Library/Java/JavaVirtualMachines/openjdk-17.0.1/Contents/Home/lib/libzip.dylib
0x0000000102ae4000 	/Users/stormy/.openjfx/cache/17.0.1/libprism_es2.dylib
0x00000001b6bb7000 	/System/Library/PrivateFrameworks/CoreServicesInternal.framework/Versions/A/CoreServicesInternal
0x0000000215842000 	/System/Library/Frameworks/OpenGL.framework/Versions/A/Resources/GLEngine.bundle/GLEngine
0x00000002156ca000 	/System/Library/Frameworks/OpenGL.framework/Versions/A/Libraries/libGLProgrammability.dylib
0x000000010e3bc000 	/System/Library/Extensions/AppleMetalOpenGLRenderer.bundle/Contents/MacOS/AppleMetalOpenGLRenderer
0x00000002159b1000 	/System/Library/Frameworks/OpenGL.framework/Versions/A/Resources/GLRendererFloat.bundle/GLRendererFloat
0x00000001fa929000 	/System/Library/Extensions/AGXMetalG13X.bundle/Contents/MacOS/AGXMetalG13X
0x00000001d44ea000 	/System/Library/PrivateFrameworks/GPURawCounter.framework/Versions/A/GPURawCounter
0x00000001cebf4000 	/System/Library/PrivateFrameworks/IOGPU.framework/Versions/A/IOGPU
0x000000010e334000 	/Users/stormy/.openjfx/cache/17.0.1/libglass.dylib
0x00000001c623a000 	/System/Library/Frameworks/FileProvider.framework/Versions/A/FileProvider
0x00000001ba81f000 	/System/Library/Frameworks/Accounts.framework/Versions/A/Accounts
0x00000001c63be000 	/System/Library/PrivateFrameworks/GenerationalStorage.framework/Versions/A/GenerationalStorage
0x00000001c6f81000 	/System/Library/PrivateFrameworks/CoreSymbolication.framework/Versions/A/CoreSymbolication
0x00000001c5fd6000 	/System/Library/PrivateFrameworks/SymptomDiagnosticReporter.framework/Versions/A/SymptomDiagnosticReporter
0x00000001b7ea7000 	/System/Library/PrivateFrameworks/DesktopServicesPriv.framework/Versions/A/DesktopServicesPriv
0x00000001b6d19000 	/usr/lib/libsandbox.1.dylib
0x00000001bb89a000 	/System/Library/PrivateFrameworks/UserManagement.framework/Versions/A/UserManagement
0x00000001c6f3e000 	/System/Library/PrivateFrameworks/DebugSymbols.framework/Versions/A/DebugSymbols
0x00000001c1e0b000 	/System/Library/PrivateFrameworks/NetAuth.framework/Versions/A/NetAuth
0x00000001c2d29000 	/System/Library/PrivateFrameworks/Sharing.framework/Versions/A/Sharing
0x00000001bb86a000 	/System/Library/PrivateFrameworks/login.framework/Versions/A/Frameworks/loginsupport.framework/Versions/A/loginsupport
0x00000001c8173000 	/System/Library/PrivateFrameworks/Apple80211.framework/Versions/A/Apple80211
0x00000001be9f5000 	/System/Library/PrivateFrameworks/AuthKit.framework/Versions/A/AuthKit
0x00000001be076000 	/System/Library/PrivateFrameworks/CoreUtils.framework/Versions/A/CoreUtils
0x00000001bdf99000 	/System/Library/Frameworks/CoreWLAN.framework/Versions/A/CoreWLAN
0x00000001c2e99000 	/System/Library/Frameworks/IOBluetooth.framework/Versions/A/IOBluetooth
0x00000001c81d3000 	/System/Library/PrivateFrameworks/CoreWiFi.framework/Versions/A/CoreWiFi
0x00000001c6b1e000 	/System/Library/PrivateFrameworks/FrontBoardServices.framework/Versions/A/FrontBoardServices
0x00000001c6bb6000 	/System/Library/PrivateFrameworks/BoardServices.framework/Versions/A/BoardServices
0x00000001be290000 	/System/Library/PrivateFrameworks/AssertionServices.framework/Versions/A/AssertionServices
0x00000001c8350000 	/System/Library/PrivateFrameworks/BackBoardServices.framework/Versions/A/BackBoardServices
0x00000001c227f000 	/System/Library/PrivateFrameworks/CorePhoneNumbers.framework/Versions/A/CorePhoneNumbers
0x00000001c6106000 	/System/Library/PrivateFrameworks/DiskManagement.framework/Versions/A/DiskManagement
0x00000001c6009000 	/System/Library/PrivateFrameworks/AppleIDAuthSupport.framework/Versions/A/AppleIDAuthSupport
0x0000000219fca000 	/System/Library/PrivateFrameworks/AAAFoundation.framework/Versions/A/AAAFoundation
0x00000001c225e000 	/System/Library/PrivateFrameworks/KeychainCircle.framework/Versions/A/KeychainCircle
0x00000001c60d2000 	/System/Library/PrivateFrameworks/MediaKit.framework/Versions/A/MediaKit
0x00000001c6016000 	/System/Library/Frameworks/DiscRecording.framework/Versions/A/DiscRecording
0x00000001bf86a000 	/usr/lib/libCoreStorage.dylib
0x00000001c864d000 	/usr/lib/libcsfde.dylib
0x00000001c2f6e000 	/System/Library/PrivateFrameworks/ProtectedCloudStorage.framework/Versions/A/ProtectedCloudStorage
0x00000001c8645000 	/System/Library/PrivateFrameworks/EFILogin.framework/Versions/A/EFILogin
0x00000001c63e5000 	/System/Library/PrivateFrameworks/OctagonTrust.framework/Versions/A/OctagonTrust
0x000000021eb9b000 	/System/Library/PrivateFrameworks/CoreUtilsExtras.framework/Versions/A/CoreUtilsExtras
0x00000001c5f3b000 	/System/Library/Frameworks/CoreBluetooth.framework/Versions/A/CoreBluetooth
0x00000001c8cd8000 	/System/Library/Frameworks/AudioUnit.framework/Versions/A/AudioUnit
0x00000001bf862000 	/usr/lib/libMatch.1.dylib
0x00000001d8996000 	/System/Library/Frameworks/Accelerate.framework/Versions/A/Frameworks/vImage.framework/Versions/A/Libraries/libCGInterfaces.dylib
0x000000011e5ec000 	/usr/lib/libobjc-trampolines.dylib
0x00000001e207f000 	/System/Library/PrivateFrameworks/AccessibilitySupport.framework/Versions/A/Frameworks/AccessibilityFoundation.framework/Versions/A/AccessibilityFoundation
0x00000001bffc6000 	/System/Library/PrivateFrameworks/login.framework/Versions/A/login
0x00000001bb564000 	/System/Library/PrivateFrameworks/ViewBridge.framework/Versions/A/ViewBridge
0x00000001bf728000 	/System/Library/PrivateFrameworks/CrashReporterSupport.framework/Versions/A/CrashReporterSupport
0x00000001e040f000 	/System/Library/PrivateFrameworks/OSAnalytics.framework/Versions/A/OSAnalytics
0x00000001eb70d000 	/System/Library/PrivateFrameworks/Symbolication.framework/Versions/A/Symbolication
0x00000001d44ab000 	/System/Library/PrivateFrameworks/MallocStackLogging.framework/Versions/A/MallocStackLogging
0x000000013ff84000 	/Users/stormy/.openjfx/cache/17.0.1/libjavafx_font.dylib


VM Arguments:
jvm_args: -javaagent:/Applications/IntelliJ IDEA CE.app/Contents/lib/idea_rt.jar=55385:/Applications/IntelliJ IDEA CE.app/Contents/bin -Dfile.encoding=UTF-8 --module-path=/Users/stormy/.m2/repository/org/openjfx/javafx-base/17.0.1/javafx-base-17.0.1-mac-aarch64.jar:/Users/stormy/.m2/repository/org/openjfx/javafx-graphics/17.0.1/javafx-graphics-17.0.1-mac-aarch64.jar:/Users/stormy/.m2/repository/org/openjfx/javafx-controls/17.0.1/javafx-controls-17.0.1-mac-aarch64.jar:/Users/stormy/.m2/repository/org/openjfx/javafx-fxml/17.0.1/javafx-fxml-17.0.1-mac-aarch64.jar:/Users/stormy/Desktop/JavaSE/demo/target/classes -Djdk.module.main=com.example.demo 
java_command: com.example.demo/com.example.demo.HelloApplication
java_class_path (initial): /Users/stormy/.m2/repository/org/openjfx/javafx-controls/17.0.1/javafx-controls-17.0.1.jar:/Users/stormy/.m2/repository/org/openjfx/javafx-graphics/17.0.1/javafx-graphics-17.0.1.jar:/Users/stormy/.m2/repository/org/openjfx/javafx-base/17.0.1/javafx-base-17.0.1.jar:/Users/stormy/.m2/repository/org/openjfx/javafx-fxml/17.0.1/javafx-fxml-17.0.1.jar
Launcher Type: SUN_STANDARD

[Global flags]
     intx CICompilerCount                          = 4                                         {product} {ergonomic}
     uint ConcGCThreads                            = 2                                         {product} {ergonomic}
     uint G1ConcRefinementThreads                  = 9                                         {product} {ergonomic}
   size_t G1HeapRegionSize                         = 2097152                                   {product} {ergonomic}
    uintx GCDrainStackTargetSize                   = 64                                        {product} {ergonomic}
   size_t InitialHeapSize                          = 268435456                                 {product} {ergonomic}
   size_t MarkStackSize                            = 4194304                                   {product} {ergonomic}
   size_t MaxHeapSize                              = 4294967296                                {product} {ergonomic}
   size_t MaxNewSize                               = 2575302656                                {product} {ergonomic}
   size_t MinHeapDeltaBytes                        = 2097152                                   {product} {ergonomic}
   size_t MinHeapSize                              = 8388608                                   {product} {ergonomic}
    uintx NonNMethodCodeHeapSize                   = 5839564                                {pd product} {ergonomic}
    uintx NonProfiledCodeHeapSize                  = 122909338                              {pd product} {ergonomic}
    uintx ProfiledCodeHeapSize                     = 122909338                              {pd product} {ergonomic}
    uintx ReservedCodeCacheSize                    = 251658240                              {pd product} {ergonomic}
     bool SegmentedCodeCache                       = true                                      {product} {ergonomic}
   size_t SoftMaxHeapSize                          = 4294967296                             {manageable} {ergonomic}
     bool UseCompressedClassPointers               = true                           {product lp64_product} {ergonomic}
     bool UseCompressedOops                        = true                           {product lp64_product} {ergonomic}
     bool UseG1GC                                  = true                                      {product} {ergonomic}
     bool UseNUMA                                  = false                                     {product} {ergonomic}
     bool UseNUMAInterleaving                      = false                                     {product} {ergonomic}

Logging:
Log output configuration:
 #0: stdout all=warning uptime,level,tags
 #1: stderr all=off uptime,level,tags

Environment Variables:
PATH=/opt/homebrew/bin:/opt/homebrew/sbin:/Library/Frameworks/Python.framework/Versions/3.10/bin:/usr/local/bin:/usr/bin:/bin:/usr/sbin:/sbin
SHELL=/bin/zsh
LC_CTYPE=en_US.UTF-8

Signal Handlers:
   SIGSEGV: _ZL13crash_handleriP9__siginfoPv in libjvm.dylib, mask=11100110000111110111111111111111, flags=SA_RESTART|SA_SIGINFO
    SIGBUS: _ZL13crash_handleriP9__siginfoPv in libjvm.dylib, mask=11100110000111110111111111111111, flags=SA_RESTART|SA_SIGINFO
    SIGFPE: _ZL13crash_handleriP9__siginfoPv in libjvm.dylib, mask=11100110000111110111111111111111, flags=SA_RESTART|SA_SIGINFO
   SIGPIPE: _ZL17javaSignalHandleriP9__siginfoPv in libjvm.dylib, mask=11100110000111110111111111111111, flags=SA_RESTART|SA_SIGINFO
   SIGXFSZ: _ZL17javaSignalHandleriP9__siginfoPv in libjvm.dylib, mask=11100110000111110111111111111111, flags=SA_RESTART|SA_SIGINFO
    SIGILL: _ZL13crash_handleriP9__siginfoPv in libjvm.dylib, mask=11100110000111110111111111111111, flags=SA_RESTART|SA_SIGINFO
   SIGUSR2: _ZL10SR_handleriP9__siginfoP17__darwin_ucontext in libjvm.dylib, mask=00100000000000000000000000000000, flags=SA_RESTART|SA_SIGINFO
    SIGHUP: _ZL11UserHandleriPvS_ in libjvm.dylib, mask=11100110000111110111111111111111, flags=SA_RESTART|SA_SIGINFO
    SIGINT: _ZL11UserHandleriPvS_ in libjvm.dylib, mask=11100110000111110111111111111111, flags=SA_RESTART|SA_SIGINFO
   SIGTERM: _ZL11UserHandleriPvS_ in libjvm.dylib, mask=11100110000111110111111111111111, flags=SA_RESTART|SA_SIGINFO
   SIGQUIT: _ZL11UserHandleriPvS_ in libjvm.dylib, mask=11100110000111110111111111111111, flags=SA_RESTART|SA_SIGINFO
   SIGTRAP: _ZL13crash_handleriP9__siginfoPv in libjvm.dylib, mask=11100110000111110111111111111111, flags=SA_RESTART|SA_SIGINFO


---------------  S Y S T E M  ---------------

OS:
uname: Darwin 21.4.0 Darwin Kernel Version 21.4.0: Fri Mar 18 00:46:32 PDT 2022; root:xnu-8020.101.4~15/RELEASE_ARM64_T6000 arm64
OS uptime: 36 days 22:46 hours
rlimit (soft/hard): STACK 8176k/65520k , CORE 0k/infinity , NPROC 2666/4000 , NOFILE 10240/infinity , AS infinity/infinity , CPU infinity/infinity , DATA infinity/infinity , FSIZE infinity/infinity , MEMLOCK infinity/infinity , RSS infinity/infinity
load average: 3.14 2.22 2.13

CPU: total 10 (initial active 10) 0x61:0x0:0x1b588bb3:0, fp, simd, crc, lse

Memory: 16k page, physical 16777216k(1306512k free), swap 2097152k(1255936k free)

vm_info: OpenJDK 64-Bit Server VM (17.0.1+12-39) for bsd-aarch64 JRE (17.0.1+12-39), built on Sep 27 2021 17:36:05 by "mach5one" with clang Apple LLVM 12.0.0 (clang-1200.0.32.29)

END.
